<?xml version="1.0" encoding="UTF-8"?>
<testsuite name="com.dbd.devday.db.cassandra.EmbeddedCassandraKeyValueStoreDAOTest" tests="6" failures="0" errors="0" timestamp="2014-04-06T21:50:26" hostname="Natalia-VAIO" time="14.885">
  <properties/>
  <testcase name="testCreate" classname="com.dbd.devday.db.cassandra.EmbeddedCassandraKeyValueStoreDAOTest" time="10.671"/>
  <testcase name="testDeleteRow" classname="com.dbd.devday.db.cassandra.EmbeddedCassandraKeyValueStoreDAOTest" time="0.71"/>
  <testcase name="testDelete" classname="com.dbd.devday.db.cassandra.EmbeddedCassandraKeyValueStoreDAOTest" time="0.79"/>
  <testcase name="testGetAll" classname="com.dbd.devday.db.cassandra.EmbeddedCassandraKeyValueStoreDAOTest" time="0.787"/>
  <testcase name="testUpdate" classname="com.dbd.devday.db.cassandra.EmbeddedCassandraKeyValueStoreDAOTest" time="0.933"/>
  <testcase name="testGetByUserAndKey" classname="com.dbd.devday.db.cassandra.EmbeddedCassandraKeyValueStoreDAOTest" time="0.994"/>
  <system-out><![CDATA[INFO - Loading settings from file:C:/Users/natalia.b/Desktop/cassandradevday/target/embeddedCassandra/cu-cassandra.yaml
INFO - Data files directories: [target/embeddedCassandra/data]
INFO - Commit log directory: target/embeddedCassandra/commitlog
INFO - DiskAccessMode 'auto' determined to be standard, indexAccessMode is standard
INFO - disk_failure_policy is stop
INFO - Global memtable threshold is enabled at 61MB
INFO - Not using multi-threaded compaction
WARN - Please rename encryption_options as server_encryption_options in the yaml
ERROR - Unable to initialize MemoryMeter (jamm not specified as javaagent).  This means Cassandra will be unable to measure object sizes accurately and may consequently OOM.
INFO - 32bit JVM detected.  It is recommended to run Cassandra on a 64bit JVM for better performance.
INFO - JVM vendor/version: Java HotSpot(TM) Client VM/1.7.0_45
INFO - Heap size: 26210304/259522560
INFO - Classpath: C:\Users\natalia.b\Desktop\cassandradevday\build\classes\test;C:\Users\natalia.b\Desktop\cassandradevday\build\resources\test;C:\Users\natalia.b\Desktop\cassandradevday\build\classes\main;C:\Users\natalia.b\Desktop\cassandradevday\build\resources\main;C:\Users\natalia.b\.gradle\caches\modules-2\files-2.1\com.datastax.cassandra\cassandra-driver-core\2.0.1\d4d5426e44f6c95bcdc0d7f31dbc22cfc83e788a\cassandra-driver-core-2.0.1.jar;C:\Users\natalia.b\.gradle\caches\modules-2\files-2.1\log4j\log4j\1.2.17\5af35056b4d257e4b64b9e8069c0746e8b08629f\log4j-1.2.17.jar;C:\Users\natalia.b\.gradle\caches\modules-2\files-2.1\org.springframework\spring-webmvc\3.2.5.RELEASE\dfa956a8585d5975ea8826330333da736ee0836f\spring-webmvc-3.2.5.RELEASE.jar;C:\Users\natalia.b\.gradle\caches\modules-2\files-2.1\org.springframework\spring-aop\3.2.5.RELEASE\4c6b62278fda29944bce501505f4098020fe389d\spring-aop-3.2.5.RELEASE.jar;C:\Users\natalia.b\.gradle\caches\modules-2\files-2.1\com.fasterxml.jackson.jaxrs\jackson-jaxrs-json-provider\2.2.3\490a92acc13628e2c71f0471be2d79b9bb67ff6d\jackson-jaxrs-json-provider-2.2.3.jar;C:\Users\natalia.b\.gradle\caches\modules-2\files-2.1\commons-codec\commons-codec\1.8\af3be3f74d25fc5163b54f56a0d394b462dafafd\commons-codec-1.8.jar;C:\Users\natalia.b\.gradle\caches\modules-2\files-2.1\org.apache.commons\commons-lang3\3.1\905075e6c80f206bbe6cf1e809d2caa69f420c76\commons-lang3-3.1.jar;C:\Users\natalia.b\.gradle\caches\modules-2\files-2.1\org.cassandraunit\cassandra-unit\2.0.2.1\696d86d71d20e53db5bdefe238f058027f0efde9\cassandra-unit-2.0.2.1.jar;C:\Users\natalia.b\.gradle\caches\modules-2\files-2.1\junit\junit\4.8.2\c94f54227b08100974c36170dcb53329435fe5ad\junit-4.8.2.jar;C:\Users\natalia.b\.gradle\caches\modules-2\files-2.1\io.netty\netty\3.9.0.Final\bead2f4609b302c43859f156df8911e50df0610b\netty-3.9.0.Final.jar;C:\Users\natalia.b\.gradle\caches\modules-2\files-2.1\com.google.guava\guava\16.0.1\5fa98cd1a63c99a44dd8d3b77e4762b066a5d0c5\guava-16.0.1.jar;C:\Users\natalia.b\.gradle\caches\modules-2\files-2.1\com.codahale.metrics\metrics-core\3.0.2\c6a7fb32776e984b64ff1a548e3044238ea5a931\metrics-core-3.0.2.jar;C:\Users\natalia.b\.gradle\caches\modules-2\files-2.1\org.springframework\spring-beans\3.2.5.RELEASE\262e05c6d10299eaa97f177451f372db19daae15\spring-beans-3.2.5.RELEASE.jar;C:\Users\natalia.b\.gradle\caches\modules-2\files-2.1\org.springframework\spring-context\3.2.5.RELEASE\49e15abaaf9a6f6b7e3f1df8fdcb4b55f1a6ee70\spring-context-3.2.5.RELEASE.jar;C:\Users\natalia.b\.gradle\caches\modules-2\files-2.1\org.springframework\spring-core\3.2.5.RELEASE\6746563c9814d8e1578a2c6e85da1bdbc69921cb\spring-core-3.2.5.RELEASE.jar;C:\Users\natalia.b\.gradle\caches\modules-2\files-2.1\org.springframework\spring-expression\3.2.5.RELEASE\2c24bdd3a6c8d6bf90efbd3b6f9e9441a57f8c7a\spring-expression-3.2.5.RELEASE.jar;C:\Users\natalia.b\.gradle\caches\modules-2\files-2.1\org.springframework\spring-web\3.2.5.RELEASE\b22389b536143f55ed230bc1199a6cd0b8639f4\spring-web-3.2.5.RELEASE.jar;C:\Users\natalia.b\.gradle\caches\modules-2\files-2.1\aopalliance\aopalliance\1.0\235ba8b489512805ac13a8f9ea77a1ca5ebe3e8\aopalliance-1.0.jar;C:\Users\natalia.b\.gradle\caches\modules-2\files-2.1\com.fasterxml.jackson.jaxrs\jackson-jaxrs-base\2.2.3\70c1a25c596de126a0f9ee88ef3a4e3e5076c522\jackson-jaxrs-base-2.2.3.jar;C:\Users\natalia.b\.gradle\caches\modules-2\files-2.1\com.fasterxml.jackson.core\jackson-core\2.2.3\1a0113da2cab5f4c216b4e5e7c1dbfaa67087e14\jackson-core-2.2.3.jar;C:\Users\natalia.b\.gradle\caches\modules-2\files-2.1\com.fasterxml.jackson.core\jackson-databind\2.2.3\3ae380888029daefb91d3ecdca3a37d8cb92bc9\jackson-databind-2.2.3.jar;C:\Users\natalia.b\.gradle\caches\modules-2\files-2.1\com.fasterxml.jackson.module\jackson-module-jaxb-annotations\2.2.3\67dc02bc307443e3571c94dfba31c355c8668015\jackson-module-jaxb-annotations-2.2.3.jar;C:\Users\natalia.b\.gradle\caches\modules-2\files-2.1\commons-io\commons-io\1.3.2\b6dde38349ba9bb5e6ea6320531eae969985dae5\commons-io-1.3.2.jar;C:\Users\natalia.b\.gradle\caches\modules-2\files-2.1\org.hamcrest\hamcrest-all\1.1\2ddcad726ed88eab63eb6666c60970db0ac6d44e\hamcrest-all-1.1.jar;C:\Users\natalia.b\.gradle\caches\modules-2\files-2.1\org.apache.cassandra\cassandra-all\2.0.5\aecf6c02da2a429cc45d349e194d0667a07ffb6d\cassandra-all-2.0.5.jar;C:\Users\natalia.b\.gradle\caches\modules-2\files-2.1\com.googlecode.concurrentlinkedhashmap\concurrentlinkedhashmap-lru\1.3\beb907bae0604fdc153cbcc2f0dc84d3ae35bf36\concurrentlinkedhashmap-lru-1.3.jar;C:\Users\natalia.b\.gradle\caches\modules-2\files-2.1\org.slf4j\slf4j-log4j12\1.6.1\bd245d6746cdd4e6203e976e21d597a46f115802\slf4j-log4j12-1.6.1.jar;C:\Users\natalia.b\.gradle\caches\modules-2\files-2.1\com.sun.xml.bind\jaxb-impl\2.2.4-1\11f85f19a107c35af457854c6778a63d6a05ca8b\jaxb-impl-2.2.4-1.jar;C:\Users\natalia.b\.gradle\caches\modules-2\files-2.1\org.hectorclient\hector-core\1.1-4\1157a5d314cf494260daf07c4ca646dcbea5b18b\hector-core-1.1-4.jar;C:\Users\natalia.b\.gradle\caches\modules-2\files-2.1\commons-lang\commons-lang\2.6\ce1edb914c94ebc388f086c6827e8bdeec71ac2\commons-lang-2.6.jar;C:\Users\natalia.b\.gradle\caches\modules-2\files-2.1\commons-cli\commons-cli\1.2\2bf96b7aa8b611c177d329452af1dc933e14501c\commons-cli-1.2.jar;C:\Users\natalia.b\.gradle\caches\modules-2\files-2.1\commons-logging\commons-logging\1.1.1\5043bfebc3db072ed80fbd362e7caf00e885d8ae\commons-logging-1.1.1.jar;C:\Users\natalia.b\.gradle\caches\modules-2\files-2.1\com.fasterxml.jackson.core\jackson-annotations\2.2.3\527fece4f23a457070a36c371a26d6c0208e1c3\jackson-annotations-2.2.3.jar;C:\Users\natalia.b\.gradle\caches\modules-2\files-2.1\org.xerial.snappy\snappy-java\1.0.5\10cb4550360a0ec6b80f09a5209d00b6058e82bf\snappy-java-1.0.5.jar;C:\Users\natalia.b\.gradle\caches\modules-2\files-2.1\net.jpountz.lz4\lz4\1.2.0\cd301e9a481eae5b68c53267100aeca43b782b9f\lz4-1.2.0.jar;C:\Users\natalia.b\.gradle\caches\modules-2\files-2.1\com.ning\compress-lzf\0.8.4\994da6bddb79a40c368d3040f2aa06b94faf6b1f\compress-lzf-0.8.4.jar;C:\Users\natalia.b\.gradle\caches\modules-2\files-2.1\org.antlr\antlr\3.2\6b0acabea7bb3da058200a77178057e47e25cb69\antlr-3.2.jar;C:\Users\natalia.b\.gradle\caches\modules-2\files-2.1\org.codehaus.jackson\jackson-core-asl\1.9.2\8493982bba1727106d767034bd0d8e77bc1931a9\jackson-core-asl-1.9.2.jar;C:\Users\natalia.b\.gradle\caches\modules-2\files-2.1\org.codehaus.jackson\jackson-mapper-asl\1.9.2\95400a7922ce75383866eb72f6ef4a7897923945\jackson-mapper-asl-1.9.2.jar;C:\Users\natalia.b\.gradle\caches\modules-2\files-2.1\jline\jline\1.0\e8f2d4690059d42a8f0f29195884a72a82ce4bb7\jline-1.0.jar;C:\Users\natalia.b\.gradle\caches\modules-2\files-2.1\com.googlecode.json-simple\json-simple\1.1\5e303a03d04e6788dddfa3655272580ae0fc13bb\json-simple-1.1.jar;C:\Users\natalia.b\.gradle\caches\modules-2\files-2.1\com.github.stephenc.high-scale-lib\high-scale-lib\1.1.2\e3fbb2a95269eb8049bc72a3b0ce3208378a30f5\high-scale-lib-1.1.2.jar;C:\Users\natalia.b\.gradle\caches\modules-2\files-2.1\edu.stanford.ppl\snaptree\0.1\88caaa75fba09a4944f696c398c09da956f7c2c2\snaptree-0.1.jar;C:\Users\natalia.b\.gradle\caches\modules-2\files-2.1\org.mindrot\jbcrypt\0.3m\fe2d9c5f23767d681a7e38fc8986b812400ec583\jbcrypt-0.3m.jar;C:\Users\natalia.b\.gradle\caches\modules-2\files-2.1\com.yammer.metrics\metrics-core\2.2.0\f82c035cfa786d3cbec362c38c22a5f5b1bc8724\metrics-core-2.2.0.jar;C:\Users\natalia.b\.gradle\caches\modules-2\files-2.1\com.addthis.metrics\reporter-config\2.1.0\1f4c83a733634be5f550ed94ceb9475b17ce8ba6\reporter-config-2.1.0.jar;C:\Users\natalia.b\.gradle\caches\modules-2\files-2.1\com.thinkaurelius.thrift\thrift-server\0.3.3\c05c9746da067865319bfa1ca0fd4b8de39387c4\thrift-server-0.3.3.jar;C:\Users\natalia.b\.gradle\caches\modules-2\files-2.1\org.apache.thrift\libthrift\0.9.1\16c9cccf08caa385b5fc93934cb3216fe6ac6a72\libthrift-0.9.1.jar;C:\Users\natalia.b\.gradle\caches\modules-2\files-2.1\org.apache.cassandra\cassandra-thrift\2.0.5\9ed9c2f363557ab1425cec29927653f8b9796b2f\cassandra-thrift-2.0.5.jar;C:\Users\natalia.b\.gradle\caches\modules-2\files-2.1\com.github.stephenc\jamm\0.2.5\422d3543c01df2f1d8bd1f3064adb54fb9e93f3\jamm-0.2.5.jar;C:\Users\natalia.b\.gradle\caches\modules-2\files-2.1\javax.xml.bind\jaxb-api\2.2.3\184d5f1060c41a8fa28e55b8b7d2c96bec99b079\jaxb-api-2.2.3.jar;C:\Users\natalia.b\.gradle\caches\modules-2\files-2.1\commons-pool\commons-pool\1.5.3\7ad440d63c6eea5e79f1737e264810c76258d042\commons-pool-1.5.3.jar;C:\Users\natalia.b\.gradle\caches\modules-2\files-2.1\com.github.stephenc.eaio-uuid\uuid\3.2.0\925720c5d40c4ebf8601e06025e1402251ef71d2\uuid-3.2.0.jar;C:\Users\natalia.b\.gradle\caches\modules-2\files-2.1\com.ecyrd.speed4j\speed4j\0.9\69f55ac5c3d4731a4d54af3c12ec51be7060c2a9\speed4j-0.9.jar;C:\Users\natalia.b\.gradle\caches\modules-2\files-2.1\org.antlr\antlr-runtime\3.2\31c746001016c6226bd7356c9f87a6a084ce3715\antlr-runtime-3.2.jar;C:\Users\natalia.b\.gradle\caches\modules-2\files-2.1\org.hibernate\hibernate-validator\4.3.0.Final\f2d0447bcdb27a48398215a33eb351b8a594e3a4\hibernate-validator-4.3.0.Final.jar;C:\Users\natalia.b\.gradle\caches\modules-2\files-2.1\com.lmax\disruptor\3.0.1\d68c363b12827c644bd60469827b862cad7dc0a2\disruptor-3.0.1.jar;C:\Users\natalia.b\.gradle\caches\modules-2\files-2.1\org.apache.httpcomponents\httpclient\4.2.5\666e26e76f2e87d84e4f16acb546481ae1b8e9a6\httpclient-4.2.5.jar;C:\Users\natalia.b\.gradle\caches\modules-2\files-2.1\org.apache.httpcomponents\httpcore\4.2.4\3b7f38df6de5dd8b500e602ae8c2dd5ee446f883\httpcore-4.2.4.jar;C:\Users\natalia.b\.gradle\caches\modules-2\files-2.1\javax.xml.stream\stax-api\1.0-2\d6337b0de8b25e53e81b922352fbea9f9f57ba0b\stax-api-1.0-2.jar;C:\Users\natalia.b\.gradle\caches\modules-2\files-2.1\javax.activation\activation\1.1\e6cb541461c2834bdea3eb920f1884d1eb508b50\activation-1.1.jar;C:\Users\natalia.b\.gradle\caches\modules-2\files-2.1\org.antlr\stringtemplate\3.2\6fe2e3bb57daebd1555494818909f9664376dd6c\stringtemplate-3.2.jar;C:\Users\natalia.b\.gradle\caches\modules-2\files-2.1\javax.validation\validation-api\1.0.0.GA\b6bd7f9d78f6fdaa3c37dae18a4bd298915f328e\validation-api-1.0.0.GA.jar;C:\Users\natalia.b\.gradle\caches\modules-2\files-2.1\org.jboss.logging\jboss-logging\3.1.0.CR2\28725380c07f917ace4e511db21cc45e9ae5a72b\jboss-logging-3.1.0.CR2.jar;C:\Users\natalia.b\.gradle\caches\modules-2\files-2.1\antlr\antlr\2.7.7\83cd2cd674a217ade95a4bb83a8a14f351f48bd0\antlr-2.7.7.jar;C:\Users\natalia.b\.gradle\caches\modules-2\files-2.1\org.slf4j\slf4j-api\1.7.5\6b262da268f8ad9eff941b25503a9198f0a0ac93\slf4j-api-1.7.5.jar;C:\Users\natalia.b\.gradle\caches\modules-2\files-2.1\org.yaml\snakeyaml\1.12\ebe66a6b88caab31d7a19571ad23656377523545\snakeyaml-1.12.jar
INFO - JNA not found. Native methods will be disabled.
INFO - Initializing key cache with capacity of 1 MBs.
INFO - Scheduling key cache save to each 14400 seconds (going to save all keys).
INFO - Initializing row cache with capacity of 0 MBs
INFO - Scheduling row cache save to each 0 seconds (going to save all keys).
INFO - Initializing system.schema_triggers
INFO - Initializing system.compaction_history
INFO - Initializing system.batchlog
INFO - Initializing system.sstable_activity
INFO - Initializing system.peer_events
INFO - Initializing system.compactions_in_progress
INFO - Initializing system.hints
INFO - Initializing system.schema_keyspaces
INFO - Initializing system.range_xfers
INFO - Initializing system.schema_columnfamilies
INFO - Initializing system.NodeIdInfo
INFO - Initializing system.paxos
INFO - Initializing system.schema_columns
INFO - Initializing system.IndexInfo
INFO - Initializing system.peers
INFO - Initializing system.local
INFO - Couldn't detect any schema definitions in local storage.
INFO - To create keyspaces and column families, see 'help create' in cqlsh.
INFO - Enqueuing flush of Memtable-local@24288891(149/1490 serialized/live bytes, 6 ops)
INFO - Writing Memtable-local@24288891(149/1490 serialized/live bytes, 6 ops)
INFO - Completed flushing target\embeddedCassandra\data\system\local\system-local-jb-1-Data.db (178 bytes) for commitlog position ReplayPosition(segmentId=1396821027181, position=417)
INFO - Replaying target\embeddedCassandra\commitlog\CommitLog-3-1396821027180.log
INFO - Replaying target\embeddedCassandra\commitlog\CommitLog-3-1396821027180.log
INFO - Finished reading target\embeddedCassandra\commitlog\CommitLog-3-1396821027180.log
INFO - Log replay complete, 0 replayed mutations
INFO - Cassandra version: 2.0.5
INFO - Thrift API version: 19.39.0
INFO - CQL supported versions: 2.0.0,3.1.4 (default: 3.1.4)
INFO - Loading persisted ring state
WARN - No host ID found, created 1336b812-4c4c-4c08-989b-09db07e0b611 (Note: This should happen exactly once per node).
INFO - Starting up server gossip
INFO - Enqueuing flush of Memtable-local@9525098(320/3200 serialized/live bytes, 12 ops)
INFO - Writing Memtable-local@9525098(320/3200 serialized/live bytes, 12 ops)
INFO - Completed flushing target\embeddedCassandra\data\system\local\system-local-jb-2-Data.db (300 bytes) for commitlog position ReplayPosition(segmentId=1396821027181, position=82230)
INFO - Starting Messaging Service on port 7010
WARN - Generated random token [3255783007913531421]. Random tokens will result in an unbalanced ring; see http://wiki.apache.org/cassandra/Operations
INFO - Create new Keyspace: system_traces, rep strategy:SimpleStrategy{org.apache.cassandra.config.CFMetaData@78b613[cfId=c5e99f16-8677-3914-b17e-960613512345,ksName=system_traces,cfName=sessions,cfType=Standard,comparator=org.apache.cassandra.db.marshal.CompositeType(org.apache.cassandra.db.marshal.UTF8Type,org.apache.cassandra.db.marshal.ColumnToCollectionType(706172616d6574657273:org.apache.cassandra.db.marshal.MapType(org.apache.cassandra.db.marshal.UTF8Type,org.apache.cassandra.db.marshal.UTF8Type))),comment=traced sessions,readRepairChance=0.0,dclocalReadRepairChance=0.0,replicateOnWrite=true,gcGraceSeconds=0,defaultValidator=org.apache.cassandra.db.marshal.BytesType,keyValidator=org.apache.cassandra.db.marshal.UUIDType,minCompactionThreshold=4,maxCompactionThreshold=32,column_metadata={java.nio.HeapByteBuffer[pos=0 lim=10 cap=10]=ColumnDefinition{name=73657373696f6e5f6964, validator=org.apache.cassandra.db.marshal.UUIDType, type=PARTITION_KEY, componentIndex=null, indexName=null, indexType=null}, java.nio.HeapByteBuffer[pos=0 lim=8 cap=8]=ColumnDefinition{name=6475726174696f6e, validator=org.apache.cassandra.db.marshal.Int32Type, type=REGULAR, componentIndex=0, indexName=null, indexType=null}, java.nio.HeapByteBuffer[pos=0 lim=10 cap=10]=ColumnDefinition{name=706172616d6574657273, validator=org.apache.cassandra.db.marshal.MapType(org.apache.cassandra.db.marshal.UTF8Type,org.apache.cassandra.db.marshal.UTF8Type), type=REGULAR, componentIndex=0, indexName=null, indexType=null}, java.nio.HeapByteBuffer[pos=0 lim=10 cap=10]=ColumnDefinition{name=737461727465645f6174, validator=org.apache.cassandra.db.marshal.TimestampType, type=REGULAR, componentIndex=0, indexName=null, indexType=null}, java.nio.HeapByteBuffer[pos=0 lim=7 cap=7]=ColumnDefinition{name=72657175657374, validator=org.apache.cassandra.db.marshal.UTF8Type, type=REGULAR, componentIndex=0, indexName=null, indexType=null}, java.nio.HeapByteBuffer[pos=0 lim=11 cap=11]=ColumnDefinition{name=636f6f7264696e61746f72, validator=org.apache.cassandra.db.marshal.InetAddressType, type=REGULAR, componentIndex=0, indexName=null, indexType=null}},compactionStrategyClass=class org.apache.cassandra.db.compaction.SizeTieredCompactionStrategy,compactionStrategyOptions={},compressionOptions={sstable_compression=org.apache.cassandra.io.compress.LZ4Compressor},bloomFilterFpChance=0.01,memtable_flush_period_in_ms=3600000,caching=KEYS_ONLY,defaultTimeToLive=0,speculative_retry=99.0PERCENTILE,indexInterval=128,populateIoCacheOnFlush=false,droppedColumns={},triggers={}], org.apache.cassandra.config.CFMetaData@1d5a2ff[cfId=8826e8e9-e16a-3728-8753-3bc1fc713c25,ksName=system_traces,cfName=events,cfType=Standard,comparator=org.apache.cassandra.db.marshal.CompositeType(org.apache.cassandra.db.marshal.TimeUUIDType,org.apache.cassandra.db.marshal.UTF8Type),comment=,readRepairChance=0.0,dclocalReadRepairChance=0.0,replicateOnWrite=true,gcGraceSeconds=0,defaultValidator=org.apache.cassandra.db.marshal.BytesType,keyValidator=org.apache.cassandra.db.marshal.UUIDType,minCompactionThreshold=4,maxCompactionThreshold=32,column_metadata={java.nio.HeapByteBuffer[pos=0 lim=10 cap=10]=ColumnDefinition{name=73657373696f6e5f6964, validator=org.apache.cassandra.db.marshal.UUIDType, type=PARTITION_KEY, componentIndex=null, indexName=null, indexType=null}, java.nio.HeapByteBuffer[pos=0 lim=6 cap=6]=ColumnDefinition{name=736f75726365, validator=org.apache.cassandra.db.marshal.InetAddressType, type=REGULAR, componentIndex=1, indexName=null, indexType=null}, java.nio.HeapByteBuffer[pos=0 lim=6 cap=6]=ColumnDefinition{name=746872656164, validator=org.apache.cassandra.db.marshal.UTF8Type, type=REGULAR, componentIndex=1, indexName=null, indexType=null}, java.nio.HeapByteBuffer[pos=0 lim=8 cap=8]=ColumnDefinition{name=6163746976697479, validator=org.apache.cassandra.db.marshal.UTF8Type, type=REGULAR, componentIndex=1, indexName=null, indexType=null}, java.nio.HeapByteBuffer[pos=0 lim=14 cap=14]=ColumnDefinition{name=736f757263655f656c6170736564, validator=org.apache.cassandra.db.marshal.Int32Type, type=REGULAR, componentIndex=1, indexName=null, indexType=null}, java.nio.HeapByteBuffer[pos=0 lim=8 cap=8]=ColumnDefinition{name=6576656e745f6964, validator=org.apache.cassandra.db.marshal.TimeUUIDType, type=CLUSTERING_KEY, componentIndex=0, indexName=null, indexType=null}},compactionStrategyClass=class org.apache.cassandra.db.compaction.SizeTieredCompactionStrategy,compactionStrategyOptions={},compressionOptions={sstable_compression=org.apache.cassandra.io.compress.LZ4Compressor},bloomFilterFpChance=0.01,memtable_flush_period_in_ms=3600000,caching=KEYS_ONLY,defaultTimeToLive=0,speculative_retry=99.0PERCENTILE,indexInterval=128,populateIoCacheOnFlush=false,droppedColumns={},triggers={}]}, strategy_options: {replication_factor=2}, durable_writes: true
INFO - Enqueuing flush of Memtable-schema_keyspaces@16016671(251/2510 serialized/live bytes, 7 ops)
INFO - Writing Memtable-schema_keyspaces@16016671(251/2510 serialized/live bytes, 7 ops)
INFO - Completed flushing target\embeddedCassandra\data\system\schema_keyspaces\system-schema_keyspaces-jb-1-Data.db (216 bytes) for commitlog position ReplayPosition(segmentId=1396821027181, position=90965)
INFO - Enqueuing flush of Memtable-schema_columnfamilies@11877057(28865/288650 serialized/live bytes, 451 ops)
INFO - Writing Memtable-schema_columnfamilies@11877057(28865/288650 serialized/live bytes, 451 ops)
INFO - Completed flushing target\embeddedCassandra\data\system\schema_columnfamilies\system-schema_columnfamilies-jb-1-Data.db (5720 bytes) for commitlog position ReplayPosition(segmentId=1396821027181, position=90965)
INFO - Enqueuing flush of Memtable-schema_columns@12621704(51047/510470 serialized/live bytes, 848 ops)
INFO - Writing Memtable-schema_columns@12621704(51047/510470 serialized/live bytes, 848 ops)
INFO - Completed flushing target\embeddedCassandra\data\system\schema_columns\system-schema_columns-jb-1-Data.db (10108 bytes) for commitlog position ReplayPosition(segmentId=1396821027181, position=90965)
INFO - Loading org.apache.cassandra.config.CFMetaData@1fe8636[cfId=c5e99f16-8677-3914-b17e-960613512345,ksName=system_traces,cfName=sessions,cfType=Standard,comparator=org.apache.cassandra.db.marshal.CompositeType(org.apache.cassandra.db.marshal.UTF8Type,org.apache.cassandra.db.marshal.ColumnToCollectionType(706172616d6574657273:org.apache.cassandra.db.marshal.MapType(org.apache.cassandra.db.marshal.UTF8Type,org.apache.cassandra.db.marshal.UTF8Type))),comment=traced sessions,readRepairChance=0.0,dclocalReadRepairChance=0.0,replicateOnWrite=true,gcGraceSeconds=0,defaultValidator=org.apache.cassandra.db.marshal.BytesType,keyValidator=org.apache.cassandra.db.marshal.UUIDType,minCompactionThreshold=4,maxCompactionThreshold=32,column_metadata={java.nio.HeapByteBuffer[pos=0 lim=8 cap=8]=ColumnDefinition{name=6475726174696f6e, validator=org.apache.cassandra.db.marshal.Int32Type, type=REGULAR, componentIndex=0, indexName=null, indexType=null}, java.nio.HeapByteBuffer[pos=0 lim=10 cap=10]=ColumnDefinition{name=73657373696f6e5f6964, validator=org.apache.cassandra.db.marshal.UUIDType, type=PARTITION_KEY, componentIndex=null, indexName=null, indexType=null}, java.nio.HeapByteBuffer[pos=0 lim=10 cap=10]=ColumnDefinition{name=706172616d6574657273, validator=org.apache.cassandra.db.marshal.MapType(org.apache.cassandra.db.marshal.UTF8Type,org.apache.cassandra.db.marshal.UTF8Type), type=REGULAR, componentIndex=0, indexName=null, indexType=null}, java.nio.HeapByteBuffer[pos=0 lim=10 cap=10]=ColumnDefinition{name=737461727465645f6174, validator=org.apache.cassandra.db.marshal.TimestampType, type=REGULAR, componentIndex=0, indexName=null, indexType=null}, java.nio.HeapByteBuffer[pos=0 lim=7 cap=7]=ColumnDefinition{name=72657175657374, validator=org.apache.cassandra.db.marshal.UTF8Type, type=REGULAR, componentIndex=0, indexName=null, indexType=null}, java.nio.HeapByteBuffer[pos=0 lim=11 cap=11]=ColumnDefinition{name=636f6f7264696e61746f72, validator=org.apache.cassandra.db.marshal.InetAddressType, type=REGULAR, componentIndex=0, indexName=null, indexType=null}},compactionStrategyClass=class org.apache.cassandra.db.compaction.SizeTieredCompactionStrategy,compactionStrategyOptions={},compressionOptions={sstable_compression=org.apache.cassandra.io.compress.LZ4Compressor},bloomFilterFpChance=0.01,memtable_flush_period_in_ms=3600000,caching=KEYS_ONLY,defaultTimeToLive=0,speculative_retry=99.0PERCENTILE,indexInterval=128,populateIoCacheOnFlush=false,droppedColumns={},triggers={}]
INFO - Initializing system_traces.sessions
INFO - Loading org.apache.cassandra.config.CFMetaData@85b66d[cfId=8826e8e9-e16a-3728-8753-3bc1fc713c25,ksName=system_traces,cfName=events,cfType=Standard,comparator=org.apache.cassandra.db.marshal.CompositeType(org.apache.cassandra.db.marshal.TimeUUIDType,org.apache.cassandra.db.marshal.UTF8Type),comment=,readRepairChance=0.0,dclocalReadRepairChance=0.0,replicateOnWrite=true,gcGraceSeconds=0,defaultValidator=org.apache.cassandra.db.marshal.BytesType,keyValidator=org.apache.cassandra.db.marshal.UUIDType,minCompactionThreshold=4,maxCompactionThreshold=32,column_metadata={java.nio.HeapByteBuffer[pos=0 lim=10 cap=10]=ColumnDefinition{name=73657373696f6e5f6964, validator=org.apache.cassandra.db.marshal.UUIDType, type=PARTITION_KEY, componentIndex=null, indexName=null, indexType=null}, java.nio.HeapByteBuffer[pos=0 lim=6 cap=6]=ColumnDefinition{name=736f75726365, validator=org.apache.cassandra.db.marshal.InetAddressType, type=REGULAR, componentIndex=1, indexName=null, indexType=null}, java.nio.HeapByteBuffer[pos=0 lim=6 cap=6]=ColumnDefinition{name=746872656164, validator=org.apache.cassandra.db.marshal.UTF8Type, type=REGULAR, componentIndex=1, indexName=null, indexType=null}, java.nio.HeapByteBuffer[pos=0 lim=8 cap=8]=ColumnDefinition{name=6163746976697479, validator=org.apache.cassandra.db.marshal.UTF8Type, type=REGULAR, componentIndex=1, indexName=null, indexType=null}, java.nio.HeapByteBuffer[pos=0 lim=14 cap=14]=ColumnDefinition{name=736f757263655f656c6170736564, validator=org.apache.cassandra.db.marshal.Int32Type, type=REGULAR, componentIndex=1, indexName=null, indexType=null}, java.nio.HeapByteBuffer[pos=0 lim=8 cap=8]=ColumnDefinition{name=6576656e745f6964, validator=org.apache.cassandra.db.marshal.TimeUUIDType, type=CLUSTERING_KEY, componentIndex=0, indexName=null, indexType=null}},compactionStrategyClass=class org.apache.cassandra.db.compaction.SizeTieredCompactionStrategy,compactionStrategyOptions={},compressionOptions={sstable_compression=org.apache.cassandra.io.compress.LZ4Compressor},bloomFilterFpChance=0.01,memtable_flush_period_in_ms=3600000,caching=KEYS_ONLY,defaultTimeToLive=0,speculative_retry=99.0PERCENTILE,indexInterval=128,populateIoCacheOnFlush=false,droppedColumns={},triggers={}]
INFO - Initializing system_traces.events
INFO - Enqueuing flush of Memtable-local@22467717(84/840 serialized/live bytes, 6 ops)
INFO - Writing Memtable-local@22467717(84/840 serialized/live bytes, 6 ops)
INFO - Completed flushing target\embeddedCassandra\data\system\local\system-local-jb-3-Data.db (110 bytes) for commitlog position ReplayPosition(segmentId=1396821027181, position=91224)
INFO - Enqueuing flush of Memtable-local@14685653(50/500 serialized/live bytes, 2 ops)
INFO - Writing Memtable-local@14685653(50/500 serialized/live bytes, 2 ops)
INFO - Completed flushing target\embeddedCassandra\data\system\local\system-local-jb-4-Data.db (97 bytes) for commitlog position ReplayPosition(segmentId=1396821027181, position=91390)
INFO - Compacting [SSTableReader(path='target\embeddedCassandra\data\system\local\system-local-jb-2-Data.db'), SSTableReader(path='target\embeddedCassandra\data\system\local\system-local-jb-3-Data.db'), SSTableReader(path='target\embeddedCassandra\data\system\local\system-local-jb-1-Data.db'), SSTableReader(path='target\embeddedCassandra\data\system\local\system-local-jb-4-Data.db')]
ERROR - Exception in thread Thread[CompactionExecutor:6,1,main]
java.lang.NoSuchMethodError: com.google.common.util.concurrent.RateLimiter.acquire(I)V
	at org.apache.cassandra.io.compress.CompressedThrottledReader.reBuffer(CompressedThrottledReader.java:40)
	at org.apache.cassandra.io.util.RandomAccessReader.seek(RandomAccessReader.java:280)
	at org.apache.cassandra.io.sstable.SSTableScanner$KeyScanningIterator.computeNext(SSTableScanner.java:262)
	at org.apache.cassandra.io.sstable.SSTableScanner$KeyScanningIterator.computeNext(SSTableScanner.java:203)
	at com.google.common.collect.AbstractIterator.tryToComputeNext(AbstractIterator.java:143)
	at com.google.common.collect.AbstractIterator.hasNext(AbstractIterator.java:138)
	at org.apache.cassandra.io.sstable.SSTableScanner.hasNext(SSTableScanner.java:183)
	at org.apache.cassandra.utils.MergeIterator$Candidate.advance(MergeIterator.java:144)
	at org.apache.cassandra.utils.MergeIterator$ManyToOne.<init>(MergeIterator.java:87)
	at org.apache.cassandra.utils.MergeIterator.get(MergeIterator.java:46)
	at org.apache.cassandra.db.compaction.CompactionIterable.iterator(CompactionIterable.java:47)
	at org.apache.cassandra.db.compaction.CompactionTask.runWith(CompactionTask.java:129)
	at org.apache.cassandra.io.util.DiskAwareRunnable.runMayThrow(DiskAwareRunnable.java:48)
	at org.apache.cassandra.utils.WrappedRunnable.run(WrappedRunnable.java:28)
	at org.apache.cassandra.db.compaction.CompactionTask.executeInternal(CompactionTask.java:60)
	at org.apache.cassandra.db.compaction.AbstractCompactionTask.execute(AbstractCompactionTask.java:59)
	at org.apache.cassandra.db.compaction.CompactionManager$BackgroundCompactionTask.run(CompactionManager.java:197)
	at java.util.concurrent.Executors$RunnableAdapter.call(Executors.java:471)
	at java.util.concurrent.FutureTask.run(FutureTask.java:262)
	at java.util.concurrent.ThreadPoolExecutor.runWorker(ThreadPoolExecutor.java:1145)
	at java.util.concurrent.ThreadPoolExecutor$Worker.run(ThreadPoolExecutor.java:615)
	at java.lang.Thread.run(Thread.java:744)
INFO - Node /127.0.0.1 state jump to normal
INFO - Startup completed! Now serving reads.
INFO - Waiting for gossip to settle before accepting client requests...
INFO - Starting listening for CQL clients on localhost/127.0.0.1:9142...
INFO - Using TFramedTransport with a max frame size of 15728640 bytes.
INFO - Binding thrift service to localhost/127.0.0.1:9171
INFO - Using synchronous/threadpool thrift server on localhost : 9171
INFO - Listening for thrift clients...
INFO - Create new Keyspace: developer_day_embedded, rep strategy:SimpleStrategy{}, strategy_options: {replication_factor=1}, durable_writes: true
INFO - Enqueuing flush of Memtable-schema_keyspaces@29107656(138/1380 serialized/live bytes, 3 ops)
INFO - Writing Memtable-schema_keyspaces@29107656(138/1380 serialized/live bytes, 3 ops)
INFO - Completed flushing target\embeddedCassandra\data\system\schema_keyspaces\system-schema_keyspaces-jb-2-Data.db (175 bytes) for commitlog position ReplayPosition(segmentId=1396821027181, position=91634)
INFO - Create new ColumnFamily: org.apache.cassandra.config.CFMetaData@11eeb3f[cfId=afb3f14f-d70e-3c16-9746-4ca66f2c273c,ksName=developer_day_embedded,cfName=kv,cfType=Standard,comparator=org.apache.cassandra.db.marshal.CompositeType(org.apache.cassandra.db.marshal.UTF8Type,org.apache.cassandra.db.marshal.UTF8Type),comment=,readRepairChance=0.1,dclocalReadRepairChance=0.0,replicateOnWrite=true,gcGraceSeconds=864000,defaultValidator=org.apache.cassandra.db.marshal.BytesType,keyValidator=org.apache.cassandra.db.marshal.UTF8Type,minCompactionThreshold=4,maxCompactionThreshold=32,column_metadata={java.nio.HeapByteBuffer[pos=0 lim=3 cap=3]=ColumnDefinition{name=6b6579, validator=org.apache.cassandra.db.marshal.UTF8Type, type=CLUSTERING_KEY, componentIndex=0, indexName=null, indexType=null}, java.nio.HeapByteBuffer[pos=0 lim=4 cap=4]=ColumnDefinition{name=75736572, validator=org.apache.cassandra.db.marshal.UTF8Type, type=PARTITION_KEY, componentIndex=null, indexName=null, indexType=null}, java.nio.HeapByteBuffer[pos=0 lim=5 cap=5]=ColumnDefinition{name=76616c7565, validator=org.apache.cassandra.db.marshal.UTF8Type, type=REGULAR, componentIndex=1, indexName=null, indexType=null}},compactionStrategyClass=class org.apache.cassandra.db.compaction.SizeTieredCompactionStrategy,compactionStrategyOptions={},compressionOptions={sstable_compression=org.apache.cassandra.io.compress.LZ4Compressor},bloomFilterFpChance=0.01,memtable_flush_period_in_ms=0,caching=KEYS_ONLY,defaultTimeToLive=0,speculative_retry=99.0PERCENTILE,indexInterval=128,populateIoCacheOnFlush=false,droppedColumns={},triggers={}]
INFO - Enqueuing flush of Memtable-schema_columnfamilies@5338185(1264/12640 serialized/live bytes, 25 ops)
INFO - Writing Memtable-schema_columnfamilies@5338185(1264/12640 serialized/live bytes, 25 ops)
INFO - Completed flushing target\embeddedCassandra\data\system\schema_columnfamilies\system-schema_columnfamilies-jb-2-Data.db (819 bytes) for commitlog position ReplayPosition(segmentId=1396821027181, position=94344)
INFO - Enqueuing flush of Memtable-schema_columns@5916032(868/8680 serialized/live bytes, 21 ops)
INFO - Writing Memtable-schema_columns@5916032(868/8680 serialized/live bytes, 21 ops)
INFO - Completed flushing target\embeddedCassandra\data\system\schema_columns\system-schema_columns-jb-2-Data.db (401 bytes) for commitlog position ReplayPosition(segmentId=1396821027181, position=94344)
INFO - Loading org.apache.cassandra.config.CFMetaData@56d3a0[cfId=afb3f14f-d70e-3c16-9746-4ca66f2c273c,ksName=developer_day_embedded,cfName=kv,cfType=Standard,comparator=org.apache.cassandra.db.marshal.CompositeType(org.apache.cassandra.db.marshal.UTF8Type,org.apache.cassandra.db.marshal.UTF8Type),comment=,readRepairChance=0.1,dclocalReadRepairChance=0.0,replicateOnWrite=true,gcGraceSeconds=864000,defaultValidator=org.apache.cassandra.db.marshal.BytesType,keyValidator=org.apache.cassandra.db.marshal.UTF8Type,minCompactionThreshold=4,maxCompactionThreshold=32,column_metadata={java.nio.HeapByteBuffer[pos=0 lim=3 cap=3]=ColumnDefinition{name=6b6579, validator=org.apache.cassandra.db.marshal.UTF8Type, type=CLUSTERING_KEY, componentIndex=0, indexName=null, indexType=null}, java.nio.HeapByteBuffer[pos=0 lim=5 cap=5]=ColumnDefinition{name=76616c7565, validator=org.apache.cassandra.db.marshal.UTF8Type, type=REGULAR, componentIndex=1, indexName=null, indexType=null}, java.nio.HeapByteBuffer[pos=0 lim=4 cap=4]=ColumnDefinition{name=75736572, validator=org.apache.cassandra.db.marshal.UTF8Type, type=PARTITION_KEY, componentIndex=null, indexName=null, indexType=null}},compactionStrategyClass=class org.apache.cassandra.db.compaction.SizeTieredCompactionStrategy,compactionStrategyOptions={},compressionOptions={sstable_compression=org.apache.cassandra.io.compress.LZ4Compressor},bloomFilterFpChance=0.01,memtable_flush_period_in_ms=0,caching=KEYS_ONLY,defaultTimeToLive=0,speculative_retry=99.0PERCENTILE,indexInterval=128,populateIoCacheOnFlush=false,droppedColumns={},triggers={}]
INFO - Initializing developer_day_embedded.kv
INFO - Create new ColumnFamily: org.apache.cassandra.config.CFMetaData@1969687[cfId=1221c96b-990b-3bc8-915e-3a2dfc7ba026,ksName=developer_day_embedded,cfName=clicks,cfType=Standard,comparator=org.apache.cassandra.db.marshal.CompositeType(org.apache.cassandra.db.marshal.TimestampType,org.apache.cassandra.db.marshal.UTF8Type),comment=,readRepairChance=0.1,dclocalReadRepairChance=0.0,replicateOnWrite=true,gcGraceSeconds=864000,defaultValidator=org.apache.cassandra.db.marshal.BytesType,keyValidator=org.apache.cassandra.db.marshal.UTF8Type,minCompactionThreshold=4,maxCompactionThreshold=32,column_metadata={java.nio.HeapByteBuffer[pos=0 lim=10 cap=10]=ColumnDefinition{name=6576656e745f74696d65, validator=org.apache.cassandra.db.marshal.TimestampType, type=CLUSTERING_KEY, componentIndex=0, indexName=null, indexType=null}, java.nio.HeapByteBuffer[pos=0 lim=7 cap=7]=ColumnDefinition{name=757365725f6964, validator=org.apache.cassandra.db.marshal.UTF8Type, type=PARTITION_KEY, componentIndex=null, indexName=null, indexType=null}},compactionStrategyClass=class org.apache.cassandra.db.compaction.SizeTieredCompactionStrategy,compactionStrategyOptions={},compressionOptions={sstable_compression=org.apache.cassandra.io.compress.LZ4Compressor},bloomFilterFpChance=0.01,memtable_flush_period_in_ms=0,caching=KEYS_ONLY,defaultTimeToLive=0,speculative_retry=99.0PERCENTILE,indexInterval=128,populateIoCacheOnFlush=false,droppedColumns={},triggers={}]
INFO - Enqueuing flush of Memtable-schema_columnfamilies@17365660(1379/13790 serialized/live bytes, 25 ops)
INFO - Writing Memtable-schema_columnfamilies@17365660(1379/13790 serialized/live bytes, 25 ops)
INFO - Completed flushing target\embeddedCassandra\data\system\schema_columnfamilies\system-schema_columnfamilies-jb-3-Data.db (843 bytes) for commitlog position ReplayPosition(segmentId=1396821027181, position=96959)
INFO - Enqueuing flush of Memtable-schema_columns@3253157(707/7070 serialized/live bytes, 14 ops)
INFO - Writing Memtable-schema_columns@3253157(707/7070 serialized/live bytes, 14 ops)
INFO - Completed flushing target\embeddedCassandra\data\system\schema_columns\system-schema_columns-jb-3-Data.db (361 bytes) for commitlog position ReplayPosition(segmentId=1396821027181, position=96959)
INFO - Loading org.apache.cassandra.config.CFMetaData@2cf6dc[cfId=1221c96b-990b-3bc8-915e-3a2dfc7ba026,ksName=developer_day_embedded,cfName=clicks,cfType=Standard,comparator=org.apache.cassandra.db.marshal.CompositeType(org.apache.cassandra.db.marshal.TimestampType,org.apache.cassandra.db.marshal.UTF8Type),comment=,readRepairChance=0.1,dclocalReadRepairChance=0.0,replicateOnWrite=true,gcGraceSeconds=864000,defaultValidator=org.apache.cassandra.db.marshal.BytesType,keyValidator=org.apache.cassandra.db.marshal.UTF8Type,minCompactionThreshold=4,maxCompactionThreshold=32,column_metadata={java.nio.HeapByteBuffer[pos=0 lim=10 cap=10]=ColumnDefinition{name=6576656e745f74696d65, validator=org.apache.cassandra.db.marshal.TimestampType, type=CLUSTERING_KEY, componentIndex=0, indexName=null, indexType=null}, java.nio.HeapByteBuffer[pos=0 lim=7 cap=7]=ColumnDefinition{name=757365725f6964, validator=org.apache.cassandra.db.marshal.UTF8Type, type=PARTITION_KEY, componentIndex=null, indexName=null, indexType=null}},compactionStrategyClass=class org.apache.cassandra.db.compaction.SizeTieredCompactionStrategy,compactionStrategyOptions={},compressionOptions={sstable_compression=org.apache.cassandra.io.compress.LZ4Compressor},bloomFilterFpChance=0.01,memtable_flush_period_in_ms=0,caching=KEYS_ONLY,defaultTimeToLive=0,speculative_retry=99.0PERCENTILE,indexInterval=128,populateIoCacheOnFlush=false,droppedColumns={},triggers={}]
INFO - Initializing developer_day_embedded.clicks
WARN - Trigger directory doesn't exist, please create it and try again.
INFO - Drop Keyspace 'developer_day_embedded'
INFO - Enqueuing flush of Memtable-schema_keyspaces@26636484(0/0 serialized/live bytes, 1 ops)
INFO - Writing Memtable-schema_keyspaces@26636484(0/0 serialized/live bytes, 1 ops)
INFO - Completed flushing target\embeddedCassandra\data\system\schema_keyspaces\system-schema_keyspaces-jb-3-Data.db (48 bytes) for commitlog position ReplayPosition(segmentId=1396821027181, position=97430)
INFO - Enqueuing flush of Memtable-schema_columnfamilies@5557818(0/0 serialized/live bytes, 1 ops)
INFO - Writing Memtable-schema_columnfamilies@5557818(0/0 serialized/live bytes, 1 ops)
INFO - Completed flushing target\embeddedCassandra\data\system\schema_columnfamilies\system-schema_columnfamilies-jb-4-Data.db (48 bytes) for commitlog position ReplayPosition(segmentId=1396821027181, position=97430)
INFO - Enqueuing flush of Memtable-schema_columns@8344257(0/0 serialized/live bytes, 1 ops)
INFO - Writing Memtable-schema_columns@8344257(0/0 serialized/live bytes, 1 ops)
INFO - Compacting [SSTableReader(path='target\embeddedCassandra\data\system\schema_columnfamilies\system-schema_columnfamilies-jb-2-Data.db'), SSTableReader(path='target\embeddedCassandra\data\system\schema_columnfamilies\system-schema_columnfamilies-jb-1-Data.db'), SSTableReader(path='target\embeddedCassandra\data\system\schema_columnfamilies\system-schema_columnfamilies-jb-3-Data.db'), SSTableReader(path='target\embeddedCassandra\data\system\schema_columnfamilies\system-schema_columnfamilies-jb-4-Data.db')]
ERROR - Exception in thread Thread[CompactionExecutor:5,1,main]
java.lang.NoSuchMethodError: com.google.common.util.concurrent.RateLimiter.acquire(I)V
	at org.apache.cassandra.io.compress.CompressedThrottledReader.reBuffer(CompressedThrottledReader.java:40)
	at org.apache.cassandra.io.util.RandomAccessReader.seek(RandomAccessReader.java:280)
	at org.apache.cassandra.io.sstable.SSTableScanner$KeyScanningIterator.computeNext(SSTableScanner.java:262)
	at org.apache.cassandra.io.sstable.SSTableScanner$KeyScanningIterator.computeNext(SSTableScanner.java:203)
	at com.google.common.collect.AbstractIterator.tryToComputeNext(AbstractIterator.java:143)
	at com.google.common.collect.AbstractIterator.hasNext(AbstractIterator.java:138)
	at org.apache.cassandra.io.sstable.SSTableScanner.hasNext(SSTableScanner.java:183)
	at org.apache.cassandra.utils.MergeIterator$Candidate.advance(MergeIterator.java:144)
	at org.apache.cassandra.utils.MergeIterator$ManyToOne.<init>(MergeIterator.java:87)
	at org.apache.cassandra.utils.MergeIterator.get(MergeIterator.java:46)
	at org.apache.cassandra.db.compaction.CompactionIterable.iterator(CompactionIterable.java:47)
	at org.apache.cassandra.db.compaction.CompactionTask.runWith(CompactionTask.java:129)
	at org.apache.cassandra.io.util.DiskAwareRunnable.runMayThrow(DiskAwareRunnable.java:48)
	at org.apache.cassandra.utils.WrappedRunnable.run(WrappedRunnable.java:28)
	at org.apache.cassandra.db.compaction.CompactionTask.executeInternal(CompactionTask.java:60)
	at org.apache.cassandra.db.compaction.AbstractCompactionTask.execute(AbstractCompactionTask.java:59)
	at org.apache.cassandra.db.compaction.CompactionManager$BackgroundCompactionTask.run(CompactionManager.java:197)
	at java.util.concurrent.Executors$RunnableAdapter.call(Executors.java:471)
	at java.util.concurrent.FutureTask.run(FutureTask.java:262)
	at java.util.concurrent.ThreadPoolExecutor.runWorker(ThreadPoolExecutor.java:1145)
	at java.util.concurrent.ThreadPoolExecutor$Worker.run(ThreadPoolExecutor.java:615)
	at java.lang.Thread.run(Thread.java:744)
INFO - Completed flushing target\embeddedCassandra\data\system\schema_columns\system-schema_columns-jb-4-Data.db (48 bytes) for commitlog position ReplayPosition(segmentId=1396821027181, position=97430)
INFO - Enqueuing flush of Memtable-schema_triggers@31327837(0/0 serialized/live bytes, 1 ops)
INFO - Compacting [SSTableReader(path='target\embeddedCassandra\data\system\schema_columns\system-schema_columns-jb-2-Data.db'), SSTableReader(path='target\embeddedCassandra\data\system\schema_columns\system-schema_columns-jb-4-Data.db'), SSTableReader(path='target\embeddedCassandra\data\system\schema_columns\system-schema_columns-jb-3-Data.db'), SSTableReader(path='target\embeddedCassandra\data\system\schema_columns\system-schema_columns-jb-1-Data.db')]
INFO - Writing Memtable-schema_triggers@31327837(0/0 serialized/live bytes, 1 ops)
ERROR - Exception in thread Thread[CompactionExecutor:4,1,main]
java.lang.NoSuchMethodError: com.google.common.util.concurrent.RateLimiter.acquire(I)V
	at org.apache.cassandra.io.compress.CompressedThrottledReader.reBuffer(CompressedThrottledReader.java:40)
	at org.apache.cassandra.io.util.RandomAccessReader.seek(RandomAccessReader.java:280)
	at org.apache.cassandra.io.sstable.SSTableScanner$KeyScanningIterator.computeNext(SSTableScanner.java:262)
	at org.apache.cassandra.io.sstable.SSTableScanner$KeyScanningIterator.computeNext(SSTableScanner.java:203)
	at com.google.common.collect.AbstractIterator.tryToComputeNext(AbstractIterator.java:143)
	at com.google.common.collect.AbstractIterator.hasNext(AbstractIterator.java:138)
	at org.apache.cassandra.io.sstable.SSTableScanner.hasNext(SSTableScanner.java:183)
	at org.apache.cassandra.utils.MergeIterator$Candidate.advance(MergeIterator.java:144)
	at org.apache.cassandra.utils.MergeIterator$ManyToOne.<init>(MergeIterator.java:87)
	at org.apache.cassandra.utils.MergeIterator.get(MergeIterator.java:46)
	at org.apache.cassandra.db.compaction.CompactionIterable.iterator(CompactionIterable.java:47)
	at org.apache.cassandra.db.compaction.CompactionTask.runWith(CompactionTask.java:129)
	at org.apache.cassandra.io.util.DiskAwareRunnable.runMayThrow(DiskAwareRunnable.java:48)
	at org.apache.cassandra.utils.WrappedRunnable.run(WrappedRunnable.java:28)
	at org.apache.cassandra.db.compaction.CompactionTask.executeInternal(CompactionTask.java:60)
	at org.apache.cassandra.db.compaction.AbstractCompactionTask.execute(AbstractCompactionTask.java:59)
	at org.apache.cassandra.db.compaction.CompactionManager$BackgroundCompactionTask.run(CompactionManager.java:197)
	at java.util.concurrent.Executors$RunnableAdapter.call(Executors.java:471)
	at java.util.concurrent.FutureTask.run(FutureTask.java:262)
	at java.util.concurrent.ThreadPoolExecutor.runWorker(ThreadPoolExecutor.java:1145)
	at java.util.concurrent.ThreadPoolExecutor$Worker.run(ThreadPoolExecutor.java:615)
	at java.lang.Thread.run(Thread.java:744)
INFO - Completed flushing target\embeddedCassandra\data\system\schema_triggers\system-schema_triggers-jb-1-Data.db (48 bytes) for commitlog position ReplayPosition(segmentId=1396821027181, position=97430)
INFO - Enqueuing flush of Memtable-kv@20468715(56/560 serialized/live bytes, 2 ops)
INFO - Writing Memtable-kv@20468715(56/560 serialized/live bytes, 2 ops)
INFO - Completed flushing target\embeddedCassandra\data\developer_day_embedded\kv\developer_day_embedded-kv-jb-1-Data.db (76 bytes) for commitlog position ReplayPosition(segmentId=1396821027181, position=97430)
INFO - Enqueuing flush of Memtable-local@5726358(98/980 serialized/live bytes, 7 ops)
INFO - Writing Memtable-local@5726358(98/980 serialized/live bytes, 7 ops)
INFO - Completed flushing target\embeddedCassandra\data\system\local\system-local-jb-5-Data.db (131 bytes) for commitlog position ReplayPosition(segmentId=1396821027181, position=97551)
INFO - Compacting [SSTableReader(path='target\embeddedCassandra\data\system\local\system-local-jb-2-Data.db'), SSTableReader(path='target\embeddedCassandra\data\system\local\system-local-jb-3-Data.db'), SSTableReader(path='target\embeddedCassandra\data\system\local\system-local-jb-1-Data.db'), SSTableReader(path='target\embeddedCassandra\data\system\local\system-local-jb-5-Data.db'), SSTableReader(path='target\embeddedCassandra\data\system\local\system-local-jb-4-Data.db')]
ERROR - Exception in thread Thread[CompactionExecutor:2,1,main]
java.lang.NoSuchMethodError: com.google.common.util.concurrent.RateLimiter.acquire(I)V
	at org.apache.cassandra.io.compress.CompressedThrottledReader.reBuffer(CompressedThrottledReader.java:40)
	at org.apache.cassandra.io.util.RandomAccessReader.seek(RandomAccessReader.java:280)
	at org.apache.cassandra.io.sstable.SSTableScanner$KeyScanningIterator.computeNext(SSTableScanner.java:262)
	at org.apache.cassandra.io.sstable.SSTableScanner$KeyScanningIterator.computeNext(SSTableScanner.java:203)
	at com.google.common.collect.AbstractIterator.tryToComputeNext(AbstractIterator.java:143)
	at com.google.common.collect.AbstractIterator.hasNext(AbstractIterator.java:138)
	at org.apache.cassandra.io.sstable.SSTableScanner.hasNext(SSTableScanner.java:183)
	at org.apache.cassandra.utils.MergeIterator$Candidate.advance(MergeIterator.java:144)
	at org.apache.cassandra.utils.MergeIterator$ManyToOne.<init>(MergeIterator.java:87)
	at org.apache.cassandra.utils.MergeIterator.get(MergeIterator.java:46)
	at org.apache.cassandra.db.compaction.CompactionIterable.iterator(CompactionIterable.java:47)
	at org.apache.cassandra.db.compaction.CompactionTask.runWith(CompactionTask.java:129)
	at org.apache.cassandra.io.util.DiskAwareRunnable.runMayThrow(DiskAwareRunnable.java:48)
	at org.apache.cassandra.utils.WrappedRunnable.run(WrappedRunnable.java:28)
	at org.apache.cassandra.db.compaction.CompactionTask.executeInternal(CompactionTask.java:60)
	at org.apache.cassandra.db.compaction.AbstractCompactionTask.execute(AbstractCompactionTask.java:59)
	at org.apache.cassandra.db.compaction.CompactionManager$BackgroundCompactionTask.run(CompactionManager.java:197)
	at java.util.concurrent.Executors$RunnableAdapter.call(Executors.java:471)
	at java.util.concurrent.FutureTask.run(FutureTask.java:262)
	at java.util.concurrent.ThreadPoolExecutor.runWorker(ThreadPoolExecutor.java:1145)
	at java.util.concurrent.ThreadPoolExecutor$Worker.run(ThreadPoolExecutor.java:615)
	at java.lang.Thread.run(Thread.java:744)
INFO - Enqueuing flush of Memtable-local@11294335(46/460 serialized/live bytes, 1 ops)
INFO - Writing Memtable-local@11294335(46/460 serialized/live bytes, 1 ops)
INFO - Completed flushing target\embeddedCassandra\data\system\local\system-local-jb-6-Data.db (80 bytes) for commitlog position ReplayPosition(segmentId=1396821027181, position=97772)
INFO - Compacting [SSTableReader(path='target\embeddedCassandra\data\system\local\system-local-jb-6-Data.db'), SSTableReader(path='target\embeddedCassandra\data\system\local\system-local-jb-2-Data.db'), SSTableReader(path='target\embeddedCassandra\data\system\local\system-local-jb-3-Data.db'), SSTableReader(path='target\embeddedCassandra\data\system\local\system-local-jb-1-Data.db'), SSTableReader(path='target\embeddedCassandra\data\system\local\system-local-jb-5-Data.db'), SSTableReader(path='target\embeddedCassandra\data\system\local\system-local-jb-4-Data.db')]
ERROR - Exception in thread Thread[CompactionExecutor:3,1,main]
java.lang.NoSuchMethodError: com.google.common.util.concurrent.RateLimiter.acquire(I)V
	at org.apache.cassandra.io.compress.CompressedThrottledReader.reBuffer(CompressedThrottledReader.java:40)
	at org.apache.cassandra.io.util.RandomAccessReader.seek(RandomAccessReader.java:280)
	at org.apache.cassandra.io.sstable.SSTableScanner$KeyScanningIterator.computeNext(SSTableScanner.java:262)
	at org.apache.cassandra.io.sstable.SSTableScanner$KeyScanningIterator.computeNext(SSTableScanner.java:203)
	at com.google.common.collect.AbstractIterator.tryToComputeNext(AbstractIterator.java:143)
	at com.google.common.collect.AbstractIterator.hasNext(AbstractIterator.java:138)
	at org.apache.cassandra.io.sstable.SSTableScanner.hasNext(SSTableScanner.java:183)
	at org.apache.cassandra.utils.MergeIterator$Candidate.advance(MergeIterator.java:144)
	at org.apache.cassandra.utils.MergeIterator$ManyToOne.<init>(MergeIterator.java:87)
	at org.apache.cassandra.utils.MergeIterator.get(MergeIterator.java:46)
	at org.apache.cassandra.db.compaction.CompactionIterable.iterator(CompactionIterable.java:47)
	at org.apache.cassandra.db.compaction.CompactionTask.runWith(CompactionTask.java:129)
	at org.apache.cassandra.io.util.DiskAwareRunnable.runMayThrow(DiskAwareRunnable.java:48)
	at org.apache.cassandra.utils.WrappedRunnable.run(WrappedRunnable.java:28)
	at org.apache.cassandra.db.compaction.CompactionTask.executeInternal(CompactionTask.java:60)
	at org.apache.cassandra.db.compaction.AbstractCompactionTask.execute(AbstractCompactionTask.java:59)
	at org.apache.cassandra.db.compaction.CompactionManager$BackgroundCompactionTask.run(CompactionManager.java:197)
	at java.util.concurrent.Executors$RunnableAdapter.call(Executors.java:471)
	at java.util.concurrent.FutureTask.run(FutureTask.java:262)
	at java.util.concurrent.ThreadPoolExecutor.runWorker(ThreadPoolExecutor.java:1145)
	at java.util.concurrent.ThreadPoolExecutor$Worker.run(ThreadPoolExecutor.java:615)
	at java.lang.Thread.run(Thread.java:744)
INFO - Create new Keyspace: developer_day_embedded, rep strategy:SimpleStrategy{}, strategy_options: {replication_factor=1}, durable_writes: true
INFO - Enqueuing flush of Memtable-schema_keyspaces@17218792(138/1380 serialized/live bytes, 3 ops)
INFO - Writing Memtable-schema_keyspaces@17218792(138/1380 serialized/live bytes, 3 ops)
INFO - Completed flushing target\embeddedCassandra\data\system\schema_keyspaces\system-schema_keyspaces-jb-4-Data.db (175 bytes) for commitlog position ReplayPosition(segmentId=1396821027181, position=98150)
INFO - Compacting [SSTableReader(path='target\embeddedCassandra\data\system\schema_keyspaces\system-schema_keyspaces-jb-2-Data.db'), SSTableReader(path='target\embeddedCassandra\data\system\schema_keyspaces\system-schema_keyspaces-jb-4-Data.db'), SSTableReader(path='target\embeddedCassandra\data\system\schema_keyspaces\system-schema_keyspaces-jb-3-Data.db'), SSTableReader(path='target\embeddedCassandra\data\system\schema_keyspaces\system-schema_keyspaces-jb-1-Data.db')]
ERROR - Exception in thread Thread[CompactionExecutor:7,1,main]
java.lang.NoSuchMethodError: com.google.common.util.concurrent.RateLimiter.acquire(I)V
	at org.apache.cassandra.io.compress.CompressedThrottledReader.reBuffer(CompressedThrottledReader.java:40)
	at org.apache.cassandra.io.util.RandomAccessReader.seek(RandomAccessReader.java:280)
	at org.apache.cassandra.io.sstable.SSTableScanner$KeyScanningIterator.computeNext(SSTableScanner.java:262)
	at org.apache.cassandra.io.sstable.SSTableScanner$KeyScanningIterator.computeNext(SSTableScanner.java:203)
	at com.google.common.collect.AbstractIterator.tryToComputeNext(AbstractIterator.java:143)
	at com.google.common.collect.AbstractIterator.hasNext(AbstractIterator.java:138)
	at org.apache.cassandra.io.sstable.SSTableScanner.hasNext(SSTableScanner.java:183)
	at org.apache.cassandra.utils.MergeIterator$Candidate.advance(MergeIterator.java:144)
	at org.apache.cassandra.utils.MergeIterator$ManyToOne.<init>(MergeIterator.java:87)
	at org.apache.cassandra.utils.MergeIterator.get(MergeIterator.java:46)
	at org.apache.cassandra.db.compaction.CompactionIterable.iterator(CompactionIterable.java:47)
	at org.apache.cassandra.db.compaction.CompactionTask.runWith(CompactionTask.java:129)
	at org.apache.cassandra.io.util.DiskAwareRunnable.runMayThrow(DiskAwareRunnable.java:48)
	at org.apache.cassandra.utils.WrappedRunnable.run(WrappedRunnable.java:28)
	at org.apache.cassandra.db.compaction.CompactionTask.executeInternal(CompactionTask.java:60)
	at org.apache.cassandra.db.compaction.AbstractCompactionTask.execute(AbstractCompactionTask.java:59)
	at org.apache.cassandra.db.compaction.CompactionManager$BackgroundCompactionTask.run(CompactionManager.java:197)
	at java.util.concurrent.Executors$RunnableAdapter.call(Executors.java:471)
	at java.util.concurrent.FutureTask.run(FutureTask.java:262)
	at java.util.concurrent.ThreadPoolExecutor.runWorker(ThreadPoolExecutor.java:1145)
	at java.util.concurrent.ThreadPoolExecutor$Worker.run(ThreadPoolExecutor.java:615)
	at java.lang.Thread.run(Thread.java:744)
INFO - Create new ColumnFamily: org.apache.cassandra.config.CFMetaData@3ab91e[cfId=afb3f14f-d70e-3c16-9746-4ca66f2c273c,ksName=developer_day_embedded,cfName=kv,cfType=Standard,comparator=org.apache.cassandra.db.marshal.CompositeType(org.apache.cassandra.db.marshal.UTF8Type,org.apache.cassandra.db.marshal.UTF8Type),comment=,readRepairChance=0.1,dclocalReadRepairChance=0.0,replicateOnWrite=true,gcGraceSeconds=864000,defaultValidator=org.apache.cassandra.db.marshal.BytesType,keyValidator=org.apache.cassandra.db.marshal.UTF8Type,minCompactionThreshold=4,maxCompactionThreshold=32,column_metadata={java.nio.HeapByteBuffer[pos=0 lim=3 cap=3]=ColumnDefinition{name=6b6579, validator=org.apache.cassandra.db.marshal.UTF8Type, type=CLUSTERING_KEY, componentIndex=0, indexName=null, indexType=null}, java.nio.HeapByteBuffer[pos=0 lim=4 cap=4]=ColumnDefinition{name=75736572, validator=org.apache.cassandra.db.marshal.UTF8Type, type=PARTITION_KEY, componentIndex=null, indexName=null, indexType=null}, java.nio.HeapByteBuffer[pos=0 lim=5 cap=5]=ColumnDefinition{name=76616c7565, validator=org.apache.cassandra.db.marshal.UTF8Type, type=REGULAR, componentIndex=1, indexName=null, indexType=null}},compactionStrategyClass=class org.apache.cassandra.db.compaction.SizeTieredCompactionStrategy,compactionStrategyOptions={},compressionOptions={sstable_compression=org.apache.cassandra.io.compress.LZ4Compressor},bloomFilterFpChance=0.01,memtable_flush_period_in_ms=0,caching=KEYS_ONLY,defaultTimeToLive=0,speculative_retry=99.0PERCENTILE,indexInterval=128,populateIoCacheOnFlush=false,droppedColumns={},triggers={}]
INFO - Enqueuing flush of Memtable-schema_columnfamilies@21979837(1264/12640 serialized/live bytes, 25 ops)
INFO - Writing Memtable-schema_columnfamilies@21979837(1264/12640 serialized/live bytes, 25 ops)
INFO - Completed flushing target\embeddedCassandra\data\system\schema_columnfamilies\system-schema_columnfamilies-jb-5-Data.db (819 bytes) for commitlog position ReplayPosition(segmentId=1396821027181, position=100860)
INFO - Enqueuing flush of Memtable-schema_columns@30093039(868/8680 serialized/live bytes, 21 ops)
INFO - Writing Memtable-schema_columns@30093039(868/8680 serialized/live bytes, 21 ops)
INFO - Compacting [SSTableReader(path='target\embeddedCassandra\data\system\schema_columnfamilies\system-schema_columnfamilies-jb-2-Data.db'), SSTableReader(path='target\embeddedCassandra\data\system\schema_columnfamilies\system-schema_columnfamilies-jb-1-Data.db'), SSTableReader(path='target\embeddedCassandra\data\system\schema_columnfamilies\system-schema_columnfamilies-jb-3-Data.db'), SSTableReader(path='target\embeddedCassandra\data\system\schema_columnfamilies\system-schema_columnfamilies-jb-5-Data.db'), SSTableReader(path='target\embeddedCassandra\data\system\schema_columnfamilies\system-schema_columnfamilies-jb-4-Data.db')]
ERROR - Exception in thread Thread[CompactionExecutor:8,1,main]
java.lang.NoSuchMethodError: com.google.common.util.concurrent.RateLimiter.acquire(I)V
	at org.apache.cassandra.io.compress.CompressedThrottledReader.reBuffer(CompressedThrottledReader.java:40)
	at org.apache.cassandra.io.util.RandomAccessReader.seek(RandomAccessReader.java:280)
	at org.apache.cassandra.io.sstable.SSTableScanner$KeyScanningIterator.computeNext(SSTableScanner.java:262)
	at org.apache.cassandra.io.sstable.SSTableScanner$KeyScanningIterator.computeNext(SSTableScanner.java:203)
	at com.google.common.collect.AbstractIterator.tryToComputeNext(AbstractIterator.java:143)
	at com.google.common.collect.AbstractIterator.hasNext(AbstractIterator.java:138)
	at org.apache.cassandra.io.sstable.SSTableScanner.hasNext(SSTableScanner.java:183)
	at org.apache.cassandra.utils.MergeIterator$Candidate.advance(MergeIterator.java:144)
	at org.apache.cassandra.utils.MergeIterator$ManyToOne.<init>(MergeIterator.java:87)
	at org.apache.cassandra.utils.MergeIterator.get(MergeIterator.java:46)
	at org.apache.cassandra.db.compaction.CompactionIterable.iterator(CompactionIterable.java:47)
	at org.apache.cassandra.db.compaction.CompactionTask.runWith(CompactionTask.java:129)
	at org.apache.cassandra.io.util.DiskAwareRunnable.runMayThrow(DiskAwareRunnable.java:48)
	at org.apache.cassandra.utils.WrappedRunnable.run(WrappedRunnable.java:28)
	at org.apache.cassandra.db.compaction.CompactionTask.executeInternal(CompactionTask.java:60)
	at org.apache.cassandra.db.compaction.AbstractCompactionTask.execute(AbstractCompactionTask.java:59)
	at org.apache.cassandra.db.compaction.CompactionManager$BackgroundCompactionTask.run(CompactionManager.java:197)
	at java.util.concurrent.Executors$RunnableAdapter.call(Executors.java:471)
	at java.util.concurrent.FutureTask.run(FutureTask.java:262)
	at java.util.concurrent.ThreadPoolExecutor.runWorker(ThreadPoolExecutor.java:1145)
	at java.util.concurrent.ThreadPoolExecutor$Worker.run(ThreadPoolExecutor.java:615)
	at java.lang.Thread.run(Thread.java:744)
INFO - Completed flushing target\embeddedCassandra\data\system\schema_columns\system-schema_columns-jb-5-Data.db (401 bytes) for commitlog position ReplayPosition(segmentId=1396821027181, position=100860)
INFO - Compacting [SSTableReader(path='target\embeddedCassandra\data\system\schema_columns\system-schema_columns-jb-2-Data.db'), SSTableReader(path='target\embeddedCassandra\data\system\schema_columns\system-schema_columns-jb-4-Data.db'), SSTableReader(path='target\embeddedCassandra\data\system\schema_columns\system-schema_columns-jb-3-Data.db'), SSTableReader(path='target\embeddedCassandra\data\system\schema_columns\system-schema_columns-jb-5-Data.db'), SSTableReader(path='target\embeddedCassandra\data\system\schema_columns\system-schema_columns-jb-1-Data.db')]
ERROR - Exception in thread Thread[CompactionExecutor:4,1,main]
java.lang.NoSuchMethodError: com.google.common.util.concurrent.RateLimiter.acquire(I)V
	at org.apache.cassandra.io.compress.CompressedThrottledReader.reBuffer(CompressedThrottledReader.java:40)
	at org.apache.cassandra.io.util.RandomAccessReader.seek(RandomAccessReader.java:280)
	at org.apache.cassandra.io.sstable.SSTableScanner$KeyScanningIterator.computeNext(SSTableScanner.java:262)
	at org.apache.cassandra.io.sstable.SSTableScanner$KeyScanningIterator.computeNext(SSTableScanner.java:203)
	at com.google.common.collect.AbstractIterator.tryToComputeNext(AbstractIterator.java:143)
	at com.google.common.collect.AbstractIterator.hasNext(AbstractIterator.java:138)
	at org.apache.cassandra.io.sstable.SSTableScanner.hasNext(SSTableScanner.java:183)
	at org.apache.cassandra.utils.MergeIterator$Candidate.advance(MergeIterator.java:144)
	at org.apache.cassandra.utils.MergeIterator$ManyToOne.<init>(MergeIterator.java:87)
	at org.apache.cassandra.utils.MergeIterator.get(MergeIterator.java:46)
	at org.apache.cassandra.db.compaction.CompactionIterable.iterator(CompactionIterable.java:47)
	at org.apache.cassandra.db.compaction.CompactionTask.runWith(CompactionTask.java:129)
	at org.apache.cassandra.io.util.DiskAwareRunnable.runMayThrow(DiskAwareRunnable.java:48)
	at org.apache.cassandra.utils.WrappedRunnable.run(WrappedRunnable.java:28)
	at org.apache.cassandra.db.compaction.CompactionTask.executeInternal(CompactionTask.java:60)
	at org.apache.cassandra.db.compaction.AbstractCompactionTask.execute(AbstractCompactionTask.java:59)
	at org.apache.cassandra.db.compaction.CompactionManager$BackgroundCompactionTask.run(CompactionManager.java:197)
	at java.util.concurrent.Executors$RunnableAdapter.call(Executors.java:471)
	at java.util.concurrent.FutureTask.run(FutureTask.java:262)
	at java.util.concurrent.ThreadPoolExecutor.runWorker(ThreadPoolExecutor.java:1145)
	at java.util.concurrent.ThreadPoolExecutor$Worker.run(ThreadPoolExecutor.java:615)
	at java.lang.Thread.run(Thread.java:744)
INFO - Loading org.apache.cassandra.config.CFMetaData@773ec0[cfId=afb3f14f-d70e-3c16-9746-4ca66f2c273c,ksName=developer_day_embedded,cfName=kv,cfType=Standard,comparator=org.apache.cassandra.db.marshal.CompositeType(org.apache.cassandra.db.marshal.UTF8Type,org.apache.cassandra.db.marshal.UTF8Type),comment=,readRepairChance=0.1,dclocalReadRepairChance=0.0,replicateOnWrite=true,gcGraceSeconds=864000,defaultValidator=org.apache.cassandra.db.marshal.BytesType,keyValidator=org.apache.cassandra.db.marshal.UTF8Type,minCompactionThreshold=4,maxCompactionThreshold=32,column_metadata={java.nio.HeapByteBuffer[pos=0 lim=3 cap=3]=ColumnDefinition{name=6b6579, validator=org.apache.cassandra.db.marshal.UTF8Type, type=CLUSTERING_KEY, componentIndex=0, indexName=null, indexType=null}, java.nio.HeapByteBuffer[pos=0 lim=5 cap=5]=ColumnDefinition{name=76616c7565, validator=org.apache.cassandra.db.marshal.UTF8Type, type=REGULAR, componentIndex=1, indexName=null, indexType=null}, java.nio.HeapByteBuffer[pos=0 lim=4 cap=4]=ColumnDefinition{name=75736572, validator=org.apache.cassandra.db.marshal.UTF8Type, type=PARTITION_KEY, componentIndex=null, indexName=null, indexType=null}},compactionStrategyClass=class org.apache.cassandra.db.compaction.SizeTieredCompactionStrategy,compactionStrategyOptions={},compressionOptions={sstable_compression=org.apache.cassandra.io.compress.LZ4Compressor},bloomFilterFpChance=0.01,memtable_flush_period_in_ms=0,caching=KEYS_ONLY,defaultTimeToLive=0,speculative_retry=99.0PERCENTILE,indexInterval=128,populateIoCacheOnFlush=false,droppedColumns={},triggers={}]
INFO - Initializing developer_day_embedded.kv
INFO - Create new ColumnFamily: org.apache.cassandra.config.CFMetaData@1040468[cfId=1221c96b-990b-3bc8-915e-3a2dfc7ba026,ksName=developer_day_embedded,cfName=clicks,cfType=Standard,comparator=org.apache.cassandra.db.marshal.CompositeType(org.apache.cassandra.db.marshal.TimestampType,org.apache.cassandra.db.marshal.UTF8Type),comment=,readRepairChance=0.1,dclocalReadRepairChance=0.0,replicateOnWrite=true,gcGraceSeconds=864000,defaultValidator=org.apache.cassandra.db.marshal.BytesType,keyValidator=org.apache.cassandra.db.marshal.UTF8Type,minCompactionThreshold=4,maxCompactionThreshold=32,column_metadata={java.nio.HeapByteBuffer[pos=0 lim=10 cap=10]=ColumnDefinition{name=6576656e745f74696d65, validator=org.apache.cassandra.db.marshal.TimestampType, type=CLUSTERING_KEY, componentIndex=0, indexName=null, indexType=null}, java.nio.HeapByteBuffer[pos=0 lim=7 cap=7]=ColumnDefinition{name=757365725f6964, validator=org.apache.cassandra.db.marshal.UTF8Type, type=PARTITION_KEY, componentIndex=null, indexName=null, indexType=null}},compactionStrategyClass=class org.apache.cassandra.db.compaction.SizeTieredCompactionStrategy,compactionStrategyOptions={},compressionOptions={sstable_compression=org.apache.cassandra.io.compress.LZ4Compressor},bloomFilterFpChance=0.01,memtable_flush_period_in_ms=0,caching=KEYS_ONLY,defaultTimeToLive=0,speculative_retry=99.0PERCENTILE,indexInterval=128,populateIoCacheOnFlush=false,droppedColumns={},triggers={}]
INFO - Enqueuing flush of Memtable-schema_columnfamilies@12418485(1379/13790 serialized/live bytes, 25 ops)
INFO - Writing Memtable-schema_columnfamilies@12418485(1379/13790 serialized/live bytes, 25 ops)
INFO - Completed flushing target\embeddedCassandra\data\system\schema_columnfamilies\system-schema_columnfamilies-jb-6-Data.db (843 bytes) for commitlog position ReplayPosition(segmentId=1396821027181, position=103475)
INFO - Enqueuing flush of Memtable-schema_columns@17780996(707/7070 serialized/live bytes, 14 ops)
INFO - Writing Memtable-schema_columns@17780996(707/7070 serialized/live bytes, 14 ops)
INFO - Compacting [SSTableReader(path='target\embeddedCassandra\data\system\schema_columnfamilies\system-schema_columnfamilies-jb-2-Data.db'), SSTableReader(path='target\embeddedCassandra\data\system\schema_columnfamilies\system-schema_columnfamilies-jb-6-Data.db'), SSTableReader(path='target\embeddedCassandra\data\system\schema_columnfamilies\system-schema_columnfamilies-jb-1-Data.db'), SSTableReader(path='target\embeddedCassandra\data\system\schema_columnfamilies\system-schema_columnfamilies-jb-3-Data.db'), SSTableReader(path='target\embeddedCassandra\data\system\schema_columnfamilies\system-schema_columnfamilies-jb-5-Data.db'), SSTableReader(path='target\embeddedCassandra\data\system\schema_columnfamilies\system-schema_columnfamilies-jb-4-Data.db')]
ERROR - Exception in thread Thread[CompactionExecutor:5,1,main]
java.lang.NoSuchMethodError: com.google.common.util.concurrent.RateLimiter.acquire(I)V
	at org.apache.cassandra.io.compress.CompressedThrottledReader.reBuffer(CompressedThrottledReader.java:40)
	at org.apache.cassandra.io.util.RandomAccessReader.seek(RandomAccessReader.java:280)
	at org.apache.cassandra.io.sstable.SSTableScanner$KeyScanningIterator.computeNext(SSTableScanner.java:262)
	at org.apache.cassandra.io.sstable.SSTableScanner$KeyScanningIterator.computeNext(SSTableScanner.java:203)
	at com.google.common.collect.AbstractIterator.tryToComputeNext(AbstractIterator.java:143)
	at com.google.common.collect.AbstractIterator.hasNext(AbstractIterator.java:138)
	at org.apache.cassandra.io.sstable.SSTableScanner.hasNext(SSTableScanner.java:183)
	at org.apache.cassandra.utils.MergeIterator$Candidate.advance(MergeIterator.java:144)
	at org.apache.cassandra.utils.MergeIterator$ManyToOne.<init>(MergeIterator.java:87)
	at org.apache.cassandra.utils.MergeIterator.get(MergeIterator.java:46)
	at org.apache.cassandra.db.compaction.CompactionIterable.iterator(CompactionIterable.java:47)
	at org.apache.cassandra.db.compaction.CompactionTask.runWith(CompactionTask.java:129)
	at org.apache.cassandra.io.util.DiskAwareRunnable.runMayThrow(DiskAwareRunnable.java:48)
	at org.apache.cassandra.utils.WrappedRunnable.run(WrappedRunnable.java:28)
	at org.apache.cassandra.db.compaction.CompactionTask.executeInternal(CompactionTask.java:60)
	at org.apache.cassandra.db.compaction.AbstractCompactionTask.execute(AbstractCompactionTask.java:59)
	at org.apache.cassandra.db.compaction.CompactionManager$BackgroundCompactionTask.run(CompactionManager.java:197)
	at java.util.concurrent.Executors$RunnableAdapter.call(Executors.java:471)
	at java.util.concurrent.FutureTask.run(FutureTask.java:262)
	at java.util.concurrent.ThreadPoolExecutor.runWorker(ThreadPoolExecutor.java:1145)
	at java.util.concurrent.ThreadPoolExecutor$Worker.run(ThreadPoolExecutor.java:615)
	at java.lang.Thread.run(Thread.java:744)
INFO - Completed flushing target\embeddedCassandra\data\system\schema_columns\system-schema_columns-jb-6-Data.db (360 bytes) for commitlog position ReplayPosition(segmentId=1396821027181, position=103475)
INFO - Compacting [SSTableReader(path='target\embeddedCassandra\data\system\schema_columns\system-schema_columns-jb-2-Data.db'), SSTableReader(path='target\embeddedCassandra\data\system\schema_columns\system-schema_columns-jb-4-Data.db'), SSTableReader(path='target\embeddedCassandra\data\system\schema_columns\system-schema_columns-jb-3-Data.db'), SSTableReader(path='target\embeddedCassandra\data\system\schema_columns\system-schema_columns-jb-5-Data.db'), SSTableReader(path='target\embeddedCassandra\data\system\schema_columns\system-schema_columns-jb-6-Data.db'), SSTableReader(path='target\embeddedCassandra\data\system\schema_columns\system-schema_columns-jb-1-Data.db')]
ERROR - Exception in thread Thread[CompactionExecutor:7,1,main]
java.lang.NoSuchMethodError: com.google.common.util.concurrent.RateLimiter.acquire(I)V
	at org.apache.cassandra.io.compress.CompressedThrottledReader.reBuffer(CompressedThrottledReader.java:40)
	at org.apache.cassandra.io.util.RandomAccessReader.seek(RandomAccessReader.java:280)
	at org.apache.cassandra.io.sstable.SSTableScanner$KeyScanningIterator.computeNext(SSTableScanner.java:262)
	at org.apache.cassandra.io.sstable.SSTableScanner$KeyScanningIterator.computeNext(SSTableScanner.java:203)
	at com.google.common.collect.AbstractIterator.tryToComputeNext(AbstractIterator.java:143)
	at com.google.common.collect.AbstractIterator.hasNext(AbstractIterator.java:138)
	at org.apache.cassandra.io.sstable.SSTableScanner.hasNext(SSTableScanner.java:183)
	at org.apache.cassandra.utils.MergeIterator$Candidate.advance(MergeIterator.java:144)
	at org.apache.cassandra.utils.MergeIterator$ManyToOne.<init>(MergeIterator.java:87)
	at org.apache.cassandra.utils.MergeIterator.get(MergeIterator.java:46)
	at org.apache.cassandra.db.compaction.CompactionIterable.iterator(CompactionIterable.java:47)
	at org.apache.cassandra.db.compaction.CompactionTask.runWith(CompactionTask.java:129)
	at org.apache.cassandra.io.util.DiskAwareRunnable.runMayThrow(DiskAwareRunnable.java:48)
	at org.apache.cassandra.utils.WrappedRunnable.run(WrappedRunnable.java:28)
	at org.apache.cassandra.db.compaction.CompactionTask.executeInternal(CompactionTask.java:60)
	at org.apache.cassandra.db.compaction.AbstractCompactionTask.execute(AbstractCompactionTask.java:59)
	at org.apache.cassandra.db.compaction.CompactionManager$BackgroundCompactionTask.run(CompactionManager.java:197)
	at java.util.concurrent.Executors$RunnableAdapter.call(Executors.java:471)
	at java.util.concurrent.FutureTask.run(FutureTask.java:262)
	at java.util.concurrent.ThreadPoolExecutor.runWorker(ThreadPoolExecutor.java:1145)
	at java.util.concurrent.ThreadPoolExecutor$Worker.run(ThreadPoolExecutor.java:615)
	at java.lang.Thread.run(Thread.java:744)
INFO - Loading org.apache.cassandra.config.CFMetaData@10f400e[cfId=1221c96b-990b-3bc8-915e-3a2dfc7ba026,ksName=developer_day_embedded,cfName=clicks,cfType=Standard,comparator=org.apache.cassandra.db.marshal.CompositeType(org.apache.cassandra.db.marshal.TimestampType,org.apache.cassandra.db.marshal.UTF8Type),comment=,readRepairChance=0.1,dclocalReadRepairChance=0.0,replicateOnWrite=true,gcGraceSeconds=864000,defaultValidator=org.apache.cassandra.db.marshal.BytesType,keyValidator=org.apache.cassandra.db.marshal.UTF8Type,minCompactionThreshold=4,maxCompactionThreshold=32,column_metadata={java.nio.HeapByteBuffer[pos=0 lim=10 cap=10]=ColumnDefinition{name=6576656e745f74696d65, validator=org.apache.cassandra.db.marshal.TimestampType, type=CLUSTERING_KEY, componentIndex=0, indexName=null, indexType=null}, java.nio.HeapByteBuffer[pos=0 lim=7 cap=7]=ColumnDefinition{name=757365725f6964, validator=org.apache.cassandra.db.marshal.UTF8Type, type=PARTITION_KEY, componentIndex=null, indexName=null, indexType=null}},compactionStrategyClass=class org.apache.cassandra.db.compaction.SizeTieredCompactionStrategy,compactionStrategyOptions={},compressionOptions={sstable_compression=org.apache.cassandra.io.compress.LZ4Compressor},bloomFilterFpChance=0.01,memtable_flush_period_in_ms=0,caching=KEYS_ONLY,defaultTimeToLive=0,speculative_retry=99.0PERCENTILE,indexInterval=128,populateIoCacheOnFlush=false,droppedColumns={},triggers={}]
INFO - Initializing developer_day_embedded.clicks
INFO - Drop Keyspace 'developer_day_embedded'
INFO - Enqueuing flush of Memtable-schema_keyspaces@22982527(0/0 serialized/live bytes, 1 ops)
INFO - Writing Memtable-schema_keyspaces@22982527(0/0 serialized/live bytes, 1 ops)
INFO - Completed flushing target\embeddedCassandra\data\system\schema_keyspaces\system-schema_keyspaces-jb-5-Data.db (48 bytes) for commitlog position ReplayPosition(segmentId=1396821027181, position=104017)
INFO - Enqueuing flush of Memtable-schema_columnfamilies@25235417(0/0 serialized/live bytes, 1 ops)
INFO - Writing Memtable-schema_columnfamilies@25235417(0/0 serialized/live bytes, 1 ops)
INFO - Compacting [SSTableReader(path='target\embeddedCassandra\data\system\schema_keyspaces\system-schema_keyspaces-jb-5-Data.db'), SSTableReader(path='target\embeddedCassandra\data\system\schema_keyspaces\system-schema_keyspaces-jb-2-Data.db'), SSTableReader(path='target\embeddedCassandra\data\system\schema_keyspaces\system-schema_keyspaces-jb-4-Data.db'), SSTableReader(path='target\embeddedCassandra\data\system\schema_keyspaces\system-schema_keyspaces-jb-3-Data.db'), SSTableReader(path='target\embeddedCassandra\data\system\schema_keyspaces\system-schema_keyspaces-jb-1-Data.db')]
ERROR - Exception in thread Thread[CompactionExecutor:2,1,main]
java.lang.NoSuchMethodError: com.google.common.util.concurrent.RateLimiter.acquire(I)V
	at org.apache.cassandra.io.compress.CompressedThrottledReader.reBuffer(CompressedThrottledReader.java:40)
	at org.apache.cassandra.io.util.RandomAccessReader.seek(RandomAccessReader.java:280)
	at org.apache.cassandra.io.sstable.SSTableScanner$KeyScanningIterator.computeNext(SSTableScanner.java:262)
	at org.apache.cassandra.io.sstable.SSTableScanner$KeyScanningIterator.computeNext(SSTableScanner.java:203)
	at com.google.common.collect.AbstractIterator.tryToComputeNext(AbstractIterator.java:143)
	at com.google.common.collect.AbstractIterator.hasNext(AbstractIterator.java:138)
	at org.apache.cassandra.io.sstable.SSTableScanner.hasNext(SSTableScanner.java:183)
	at org.apache.cassandra.utils.MergeIterator$Candidate.advance(MergeIterator.java:144)
	at org.apache.cassandra.utils.MergeIterator$ManyToOne.<init>(MergeIterator.java:87)
	at org.apache.cassandra.utils.MergeIterator.get(MergeIterator.java:46)
	at org.apache.cassandra.db.compaction.CompactionIterable.iterator(CompactionIterable.java:47)
	at org.apache.cassandra.db.compaction.CompactionTask.runWith(CompactionTask.java:129)
	at org.apache.cassandra.io.util.DiskAwareRunnable.runMayThrow(DiskAwareRunnable.java:48)
	at org.apache.cassandra.utils.WrappedRunnable.run(WrappedRunnable.java:28)
	at org.apache.cassandra.db.compaction.CompactionTask.executeInternal(CompactionTask.java:60)
	at org.apache.cassandra.db.compaction.AbstractCompactionTask.execute(AbstractCompactionTask.java:59)
	at org.apache.cassandra.db.compaction.CompactionManager$BackgroundCompactionTask.run(CompactionManager.java:197)
	at java.util.concurrent.Executors$RunnableAdapter.call(Executors.java:471)
	at java.util.concurrent.FutureTask.run(FutureTask.java:262)
	at java.util.concurrent.ThreadPoolExecutor.runWorker(ThreadPoolExecutor.java:1145)
	at java.util.concurrent.ThreadPoolExecutor$Worker.run(ThreadPoolExecutor.java:615)
	at java.lang.Thread.run(Thread.java:744)
INFO - Completed flushing target\embeddedCassandra\data\system\schema_columnfamilies\system-schema_columnfamilies-jb-7-Data.db (48 bytes) for commitlog position ReplayPosition(segmentId=1396821027181, position=104017)
INFO - Compacting [SSTableReader(path='target\embeddedCassandra\data\system\schema_columnfamilies\system-schema_columnfamilies-jb-2-Data.db'), SSTableReader(path='target\embeddedCassandra\data\system\schema_columnfamilies\system-schema_columnfamilies-jb-6-Data.db'), SSTableReader(path='target\embeddedCassandra\data\system\schema_columnfamilies\system-schema_columnfamilies-jb-7-Data.db'), SSTableReader(path='target\embeddedCassandra\data\system\schema_columnfamilies\system-schema_columnfamilies-jb-1-Data.db'), SSTableReader(path='target\embeddedCassandra\data\system\schema_columnfamilies\system-schema_columnfamilies-jb-3-Data.db'), SSTableReader(path='target\embeddedCassandra\data\system\schema_columnfamilies\system-schema_columnfamilies-jb-5-Data.db'), SSTableReader(path='target\embeddedCassandra\data\system\schema_columnfamilies\system-schema_columnfamilies-jb-4-Data.db')]
INFO - Enqueuing flush of Memtable-schema_columns@14829128(0/0 serialized/live bytes, 1 ops)
INFO - Writing Memtable-schema_columns@14829128(0/0 serialized/live bytes, 1 ops)
ERROR - Exception in thread Thread[CompactionExecutor:4,1,main]
java.lang.NoSuchMethodError: com.google.common.util.concurrent.RateLimiter.acquire(I)V
	at org.apache.cassandra.io.compress.CompressedThrottledReader.reBuffer(CompressedThrottledReader.java:40)
	at org.apache.cassandra.io.util.RandomAccessReader.seek(RandomAccessReader.java:280)
	at org.apache.cassandra.io.sstable.SSTableScanner$KeyScanningIterator.computeNext(SSTableScanner.java:262)
	at org.apache.cassandra.io.sstable.SSTableScanner$KeyScanningIterator.computeNext(SSTableScanner.java:203)
	at com.google.common.collect.AbstractIterator.tryToComputeNext(AbstractIterator.java:143)
	at com.google.common.collect.AbstractIterator.hasNext(AbstractIterator.java:138)
	at org.apache.cassandra.io.sstable.SSTableScanner.hasNext(SSTableScanner.java:183)
	at org.apache.cassandra.utils.MergeIterator$Candidate.advance(MergeIterator.java:144)
	at org.apache.cassandra.utils.MergeIterator$ManyToOne.<init>(MergeIterator.java:87)
	at org.apache.cassandra.utils.MergeIterator.get(MergeIterator.java:46)
	at org.apache.cassandra.db.compaction.CompactionIterable.iterator(CompactionIterable.java:47)
	at org.apache.cassandra.db.compaction.CompactionTask.runWith(CompactionTask.java:129)
	at org.apache.cassandra.io.util.DiskAwareRunnable.runMayThrow(DiskAwareRunnable.java:48)
	at org.apache.cassandra.utils.WrappedRunnable.run(WrappedRunnable.java:28)
	at org.apache.cassandra.db.compaction.CompactionTask.executeInternal(CompactionTask.java:60)
	at org.apache.cassandra.db.compaction.AbstractCompactionTask.execute(AbstractCompactionTask.java:59)
	at org.apache.cassandra.db.compaction.CompactionManager$BackgroundCompactionTask.run(CompactionManager.java:197)
	at java.util.concurrent.Executors$RunnableAdapter.call(Executors.java:471)
	at java.util.concurrent.FutureTask.run(FutureTask.java:262)
	at java.util.concurrent.ThreadPoolExecutor.runWorker(ThreadPoolExecutor.java:1145)
	at java.util.concurrent.ThreadPoolExecutor$Worker.run(ThreadPoolExecutor.java:615)
[...]
	at org.apache.cassandra.io.util.RandomAccessReader.seek(RandomAccessReader.java:280)
	at org.apache.cassandra.io.sstable.SSTableScanner$KeyScanningIterator.computeNext(SSTableScanner.java:262)
	at org.apache.cassandra.io.sstable.SSTableScanner$KeyScanningIterator.computeNext(SSTableScanner.java:203)
	at com.google.common.collect.AbstractIterator.tryToComputeNext(AbstractIterator.java:143)
	at com.google.common.collect.AbstractIterator.hasNext(AbstractIterator.java:138)
	at org.apache.cassandra.io.sstable.SSTableScanner.hasNext(SSTableScanner.java:183)
	at org.apache.cassandra.utils.MergeIterator$Candidate.advance(MergeIterator.java:144)
	at org.apache.cassandra.utils.MergeIterator$ManyToOne.<init>(MergeIterator.java:87)
	at org.apache.cassandra.utils.MergeIterator.get(MergeIterator.java:46)
	at org.apache.cassandra.db.compaction.CompactionIterable.iterator(CompactionIterable.java:47)
	at org.apache.cassandra.db.compaction.CompactionTask.runWith(CompactionTask.java:129)
	at org.apache.cassandra.io.util.DiskAwareRunnable.runMayThrow(DiskAwareRunnable.java:48)
	at org.apache.cassandra.utils.WrappedRunnable.run(WrappedRunnable.java:28)
	at org.apache.cassandra.db.compaction.CompactionTask.executeInternal(CompactionTask.java:60)
	at org.apache.cassandra.db.compaction.AbstractCompactionTask.execute(AbstractCompactionTask.java:59)
	at org.apache.cassandra.db.compaction.CompactionManager$BackgroundCompactionTask.run(CompactionManager.java:197)
	at java.util.concurrent.Executors$RunnableAdapter.call(Executors.java:471)
	at java.util.concurrent.FutureTask.run(FutureTask.java:262)
	at java.util.concurrent.ThreadPoolExecutor.runWorker(ThreadPoolExecutor.java:1145)
	at java.util.concurrent.ThreadPoolExecutor$Worker.run(ThreadPoolExecutor.java:615)
	at java.lang.Thread.run(Thread.java:744)
INFO - Completed flushing target\embeddedCassandra\data\system\schema_columns\system-schema_columns-jb-17-Data.db (401 bytes) for commitlog position ReplayPosition(segmentId=1396821027181, position=127387)
INFO - Compacting [SSTableReader(path='target\embeddedCassandra\data\system\schema_columns\system-schema_columns-jb-17-Data.db'), SSTableReader(path='target\embeddedCassandra\data\system\schema_columns\system-schema_columns-jb-15-Data.db'), SSTableReader(path='target\embeddedCassandra\data\system\schema_columns\system-schema_columns-jb-7-Data.db'), SSTableReader(path='target\embeddedCassandra\data\system\schema_columns\system-schema_columns-jb-4-Data.db'), SSTableReader(path='target\embeddedCassandra\data\system\schema_columns\system-schema_columns-jb-14-Data.db'), SSTableReader(path='target\embeddedCassandra\data\system\schema_columns\system-schema_columns-jb-3-Data.db'), SSTableReader(path='target\embeddedCassandra\data\system\schema_columns\system-schema_columns-jb-5-Data.db'), SSTableReader(path='target\embeddedCassandra\data\system\schema_columns\system-schema_columns-jb-6-Data.db'), SSTableReader(path='target\embeddedCassandra\data\system\schema_columns\system-schema_columns-jb-1-Data.db'), SSTableReader(path='target\embeddedCassandra\data\system\schema_columns\system-schema_columns-jb-10-Data.db'), SSTableReader(path='target\embeddedCassandra\data\system\schema_columns\system-schema_columns-jb-11-Data.db'), SSTableReader(path='target\embeddedCassandra\data\system\schema_columns\system-schema_columns-jb-8-Data.db'), SSTableReader(path='target\embeddedCassandra\data\system\schema_columns\system-schema_columns-jb-12-Data.db'), SSTableReader(path='target\embeddedCassandra\data\system\schema_columns\system-schema_columns-jb-16-Data.db'), SSTableReader(path='target\embeddedCassandra\data\system\schema_columns\system-schema_columns-jb-2-Data.db'), SSTableReader(path='target\embeddedCassandra\data\system\schema_columns\system-schema_columns-jb-9-Data.db'), SSTableReader(path='target\embeddedCassandra\data\system\schema_columns\system-schema_columns-jb-13-Data.db')]
ERROR - Exception in thread Thread[CompactionExecutor:3,1,main]
java.lang.NoSuchMethodError: com.google.common.util.concurrent.RateLimiter.acquire(I)V
	at org.apache.cassandra.io.compress.CompressedThrottledReader.reBuffer(CompressedThrottledReader.java:40)
	at org.apache.cassandra.io.util.RandomAccessReader.seek(RandomAccessReader.java:280)
	at org.apache.cassandra.io.sstable.SSTableScanner$KeyScanningIterator.computeNext(SSTableScanner.java:262)
	at org.apache.cassandra.io.sstable.SSTableScanner$KeyScanningIterator.computeNext(SSTableScanner.java:203)
	at com.google.common.collect.AbstractIterator.tryToComputeNext(AbstractIterator.java:143)
	at com.google.common.collect.AbstractIterator.hasNext(AbstractIterator.java:138)
	at org.apache.cassandra.io.sstable.SSTableScanner.hasNext(SSTableScanner.java:183)
	at org.apache.cassandra.utils.MergeIterator$Candidate.advance(MergeIterator.java:144)
	at org.apache.cassandra.utils.MergeIterator$ManyToOne.<init>(MergeIterator.java:87)
	at org.apache.cassandra.utils.MergeIterator.get(MergeIterator.java:46)
	at org.apache.cassandra.db.compaction.CompactionIterable.iterator(CompactionIterable.java:47)
	at org.apache.cassandra.db.compaction.CompactionTask.runWith(CompactionTask.java:129)
	at org.apache.cassandra.io.util.DiskAwareRunnable.runMayThrow(DiskAwareRunnable.java:48)
	at org.apache.cassandra.utils.WrappedRunnable.run(WrappedRunnable.java:28)
	at org.apache.cassandra.db.compaction.CompactionTask.executeInternal(CompactionTask.java:60)
	at org.apache.cassandra.db.compaction.AbstractCompactionTask.execute(AbstractCompactionTask.java:59)
	at org.apache.cassandra.db.compaction.CompactionManager$BackgroundCompactionTask.run(CompactionManager.java:197)
	at java.util.concurrent.Executors$RunnableAdapter.call(Executors.java:471)
	at java.util.concurrent.FutureTask.run(FutureTask.java:262)
	at java.util.concurrent.ThreadPoolExecutor.runWorker(ThreadPoolExecutor.java:1145)
	at java.util.concurrent.ThreadPoolExecutor$Worker.run(ThreadPoolExecutor.java:615)
	at java.lang.Thread.run(Thread.java:744)
INFO - Loading org.apache.cassandra.config.CFMetaData@106259a[cfId=afb3f14f-d70e-3c16-9746-4ca66f2c273c,ksName=developer_day_embedded,cfName=kv,cfType=Standard,comparator=org.apache.cassandra.db.marshal.CompositeType(org.apache.cassandra.db.marshal.UTF8Type,org.apache.cassandra.db.marshal.UTF8Type),comment=,readRepairChance=0.1,dclocalReadRepairChance=0.0,replicateOnWrite=true,gcGraceSeconds=864000,defaultValidator=org.apache.cassandra.db.marshal.BytesType,keyValidator=org.apache.cassandra.db.marshal.UTF8Type,minCompactionThreshold=4,maxCompactionThreshold=32,column_metadata={java.nio.HeapByteBuffer[pos=0 lim=3 cap=3]=ColumnDefinition{name=6b6579, validator=org.apache.cassandra.db.marshal.UTF8Type, type=CLUSTERING_KEY, componentIndex=0, indexName=null, indexType=null}, java.nio.HeapByteBuffer[pos=0 lim=5 cap=5]=ColumnDefinition{name=76616c7565, validator=org.apache.cassandra.db.marshal.UTF8Type, type=REGULAR, componentIndex=1, indexName=null, indexType=null}, java.nio.HeapByteBuffer[pos=0 lim=4 cap=4]=ColumnDefinition{name=75736572, validator=org.apache.cassandra.db.marshal.UTF8Type, type=PARTITION_KEY, componentIndex=null, indexName=null, indexType=null}},compactionStrategyClass=class org.apache.cassandra.db.compaction.SizeTieredCompactionStrategy,compactionStrategyOptions={},compressionOptions={sstable_compression=org.apache.cassandra.io.compress.LZ4Compressor},bloomFilterFpChance=0.01,memtable_flush_period_in_ms=0,caching=KEYS_ONLY,defaultTimeToLive=0,speculative_retry=99.0PERCENTILE,indexInterval=128,populateIoCacheOnFlush=false,droppedColumns={},triggers={}]
INFO - Initializing developer_day_embedded.kv
INFO - Create new ColumnFamily: org.apache.cassandra.config.CFMetaData@2b1515[cfId=1221c96b-990b-3bc8-915e-3a2dfc7ba026,ksName=developer_day_embedded,cfName=clicks,cfType=Standard,comparator=org.apache.cassandra.db.marshal.CompositeType(org.apache.cassandra.db.marshal.TimestampType,org.apache.cassandra.db.marshal.UTF8Type),comment=,readRepairChance=0.1,dclocalReadRepairChance=0.0,replicateOnWrite=true,gcGraceSeconds=864000,defaultValidator=org.apache.cassandra.db.marshal.BytesType,keyValidator=org.apache.cassandra.db.marshal.UTF8Type,minCompactionThreshold=4,maxCompactionThreshold=32,column_metadata={java.nio.HeapByteBuffer[pos=0 lim=10 cap=10]=ColumnDefinition{name=6576656e745f74696d65, validator=org.apache.cassandra.db.marshal.TimestampType, type=CLUSTERING_KEY, componentIndex=0, indexName=null, indexType=null}, java.nio.HeapByteBuffer[pos=0 lim=7 cap=7]=ColumnDefinition{name=757365725f6964, validator=org.apache.cassandra.db.marshal.UTF8Type, type=PARTITION_KEY, componentIndex=null, indexName=null, indexType=null}},compactionStrategyClass=class org.apache.cassandra.db.compaction.SizeTieredCompactionStrategy,compactionStrategyOptions={},compressionOptions={sstable_compression=org.apache.cassandra.io.compress.LZ4Compressor},bloomFilterFpChance=0.01,memtable_flush_period_in_ms=0,caching=KEYS_ONLY,defaultTimeToLive=0,speculative_retry=99.0PERCENTILE,indexInterval=128,populateIoCacheOnFlush=false,droppedColumns={},triggers={}]
INFO - Enqueuing flush of Memtable-schema_columnfamilies@7686419(1379/13790 serialized/live bytes, 25 ops)
INFO - Writing Memtable-schema_columnfamilies@7686419(1379/13790 serialized/live bytes, 25 ops)
INFO - Completed flushing target\embeddedCassandra\data\system\schema_columnfamilies\system-schema_columnfamilies-jb-18-Data.db (843 bytes) for commitlog position ReplayPosition(segmentId=1396821027181, position=130002)
INFO - Enqueuing flush of Memtable-schema_columns@6424441(707/7070 serialized/live bytes, 14 ops)
INFO - Writing Memtable-schema_columns@6424441(707/7070 serialized/live bytes, 14 ops)
INFO - Compacting [SSTableReader(path='target\embeddedCassandra\data\system\schema_columnfamilies\system-schema_columnfamilies-jb-2-Data.db'), SSTableReader(path='target\embeddedCassandra\data\system\schema_columnfamilies\system-schema_columnfamilies-jb-16-Data.db'), SSTableReader(path='target\embeddedCassandra\data\system\schema_columnfamilies\system-schema_columnfamilies-jb-6-Data.db'), SSTableReader(path='target\embeddedCassandra\data\system\schema_columnfamilies\system-schema_columnfamilies-jb-17-Data.db'), SSTableReader(path='target\embeddedCassandra\data\system\schema_columnfamilies\system-schema_columnfamilies-jb-7-Data.db'), SSTableReader(path='target\embeddedCassandra\data\system\schema_columnfamilies\system-schema_columnfamilies-jb-1-Data.db'), SSTableReader(path='target\embeddedCassandra\data\system\schema_columnfamilies\system-schema_columnfamilies-jb-14-Data.db'), SSTableReader(path='target\embeddedCassandra\data\system\schema_columnfamilies\system-schema_columnfamilies-jb-13-Data.db'), SSTableReader(path='target\embeddedCassandra\data\system\schema_columnfamilies\system-schema_columnfamilies-jb-18-Data.db'), SSTableReader(path='target\embeddedCassandra\data\system\schema_columnfamilies\system-schema_columnfamilies-jb-5-Data.db'), SSTableReader(path='target\embeddedCassandra\data\system\schema_columnfamilies\system-schema_columnfamilies-jb-15-Data.db'), SSTableReader(path='target\embeddedCassandra\data\system\schema_columnfamilies\system-schema_columnfamilies-jb-4-Data.db'), SSTableReader(path='target\embeddedCassandra\data\system\schema_columnfamilies\system-schema_columnfamilies-jb-9-Data.db'), SSTableReader(path='target\embeddedCassandra\data\system\schema_columnfamilies\system-schema_columnfamilies-jb-10-Data.db'), SSTableReader(path='target\embeddedCassandra\data\system\schema_columnfamilies\system-schema_columnfamilies-jb-12-Data.db'), SSTableReader(path='target\embeddedCassandra\data\system\schema_columnfamilies\system-schema_columnfamilies-jb-11-Data.db'), SSTableReader(path='target\embeddedCassandra\data\system\schema_columnfamilies\system-schema_columnfamilies-jb-3-Data.db'), SSTableReader(path='target\embeddedCassandra\data\system\schema_columnfamilies\system-schema_columnfamilies-jb-8-Data.db')]
ERROR - Exception in thread Thread[CompactionExecutor:6,1,main]
java.lang.NoSuchMethodError: com.google.common.util.concurrent.RateLimiter.acquire(I)V
	at org.apache.cassandra.io.compress.CompressedThrottledReader.reBuffer(CompressedThrottledReader.java:40)
	at org.apache.cassandra.io.util.RandomAccessReader.seek(RandomAccessReader.java:280)
	at org.apache.cassandra.io.sstable.SSTableScanner$KeyScanningIterator.computeNext(SSTableScanner.java:262)
	at org.apache.cassandra.io.sstable.SSTableScanner$KeyScanningIterator.computeNext(SSTableScanner.java:203)
	at com.google.common.collect.AbstractIterator.tryToComputeNext(AbstractIterator.java:143)
	at com.google.common.collect.AbstractIterator.hasNext(AbstractIterator.java:138)
	at org.apache.cassandra.io.sstable.SSTableScanner.hasNext(SSTableScanner.java:183)
	at org.apache.cassandra.utils.MergeIterator$Candidate.advance(MergeIterator.java:144)
	at org.apache.cassandra.utils.MergeIterator$ManyToOne.<init>(MergeIterator.java:87)
	at org.apache.cassandra.utils.MergeIterator.get(MergeIterator.java:46)
	at org.apache.cassandra.db.compaction.CompactionIterable.iterator(CompactionIterable.java:47)
	at org.apache.cassandra.db.compaction.CompactionTask.runWith(CompactionTask.java:129)
	at org.apache.cassandra.io.util.DiskAwareRunnable.runMayThrow(DiskAwareRunnable.java:48)
	at org.apache.cassandra.utils.WrappedRunnable.run(WrappedRunnable.java:28)
	at org.apache.cassandra.db.compaction.CompactionTask.executeInternal(CompactionTask.java:60)
	at org.apache.cassandra.db.compaction.AbstractCompactionTask.execute(AbstractCompactionTask.java:59)
	at org.apache.cassandra.db.compaction.CompactionManager$BackgroundCompactionTask.run(CompactionManager.java:197)
	at java.util.concurrent.Executors$RunnableAdapter.call(Executors.java:471)
	at java.util.concurrent.FutureTask.run(FutureTask.java:262)
	at java.util.concurrent.ThreadPoolExecutor.runWorker(ThreadPoolExecutor.java:1145)
	at java.util.concurrent.ThreadPoolExecutor$Worker.run(ThreadPoolExecutor.java:615)
	at java.lang.Thread.run(Thread.java:744)
INFO - Completed flushing target\embeddedCassandra\data\system\schema_columns\system-schema_columns-jb-18-Data.db (360 bytes) for commitlog position ReplayPosition(segmentId=1396821027181, position=130002)
INFO - Compacting [SSTableReader(path='target\embeddedCassandra\data\system\schema_columns\system-schema_columns-jb-17-Data.db'), SSTableReader(path='target\embeddedCassandra\data\system\schema_columns\system-schema_columns-jb-15-Data.db'), SSTableReader(path='target\embeddedCassandra\data\system\schema_columns\system-schema_columns-jb-7-Data.db'), SSTableReader(path='target\embeddedCassandra\data\system\schema_columns\system-schema_columns-jb-4-Data.db'), SSTableReader(path='target\embeddedCassandra\data\system\schema_columns\system-schema_columns-jb-14-Data.db'), SSTableReader(path='target\embeddedCassandra\data\system\schema_columns\system-schema_columns-jb-3-Data.db'), SSTableReader(path='target\embeddedCassandra\data\system\schema_columns\system-schema_columns-jb-5-Data.db'), SSTableReader(path='target\embeddedCassandra\data\system\schema_columns\system-schema_columns-jb-6-Data.db'), SSTableReader(path='target\embeddedCassandra\data\system\schema_columns\system-schema_columns-jb-18-Data.db'), SSTableReader(path='target\embeddedCassandra\data\system\schema_columns\system-schema_columns-jb-1-Data.db'), SSTableReader(path='target\embeddedCassandra\data\system\schema_columns\system-schema_columns-jb-10-Data.db'), SSTableReader(path='target\embeddedCassandra\data\system\schema_columns\system-schema_columns-jb-11-Data.db'), SSTableReader(path='target\embeddedCassandra\data\system\schema_columns\system-schema_columns-jb-8-Data.db'), SSTableReader(path='target\embeddedCassandra\data\system\schema_columns\system-schema_columns-jb-12-Data.db'), SSTableReader(path='target\embeddedCassandra\data\system\schema_columns\system-schema_columns-jb-16-Data.db'), SSTableReader(path='target\embeddedCassandra\data\system\schema_columns\system-schema_columns-jb-2-Data.db'), SSTableReader(path='target\embeddedCassandra\data\system\schema_columns\system-schema_columns-jb-9-Data.db'), SSTableReader(path='target\embeddedCassandra\data\system\schema_columns\system-schema_columns-jb-13-Data.db')]
ERROR - Exception in thread Thread[CompactionExecutor:8,1,main]
java.lang.NoSuchMethodError: com.google.common.util.concurrent.RateLimiter.acquire(I)V
	at org.apache.cassandra.io.compress.CompressedThrottledReader.reBuffer(CompressedThrottledReader.java:40)
	at org.apache.cassandra.io.util.RandomAccessReader.seek(RandomAccessReader.java:280)
	at org.apache.cassandra.io.sstable.SSTableScanner$KeyScanningIterator.computeNext(SSTableScanner.java:262)
	at org.apache.cassandra.io.sstable.SSTableScanner$KeyScanningIterator.computeNext(SSTableScanner.java:203)
	at com.google.common.collect.AbstractIterator.tryToComputeNext(AbstractIterator.java:143)
	at com.google.common.collect.AbstractIterator.hasNext(AbstractIterator.java:138)
	at org.apache.cassandra.io.sstable.SSTableScanner.hasNext(SSTableScanner.java:183)
	at org.apache.cassandra.utils.MergeIterator$Candidate.advance(MergeIterator.java:144)
	at org.apache.cassandra.utils.MergeIterator$ManyToOne.<init>(MergeIterator.java:87)
	at org.apache.cassandra.utils.MergeIterator.get(MergeIterator.java:46)
	at org.apache.cassandra.db.compaction.CompactionIterable.iterator(CompactionIterable.java:47)
	at org.apache.cassandra.db.compaction.CompactionTask.runWith(CompactionTask.java:129)
	at org.apache.cassandra.io.util.DiskAwareRunnable.runMayThrow(DiskAwareRunnable.java:48)
	at org.apache.cassandra.utils.WrappedRunnable.run(WrappedRunnable.java:28)
	at org.apache.cassandra.db.compaction.CompactionTask.executeInternal(CompactionTask.java:60)
	at org.apache.cassandra.db.compaction.AbstractCompactionTask.execute(AbstractCompactionTask.java:59)
	at org.apache.cassandra.db.compaction.CompactionManager$BackgroundCompactionTask.run(CompactionManager.java:197)
	at java.util.concurrent.Executors$RunnableAdapter.call(Executors.java:471)
	at java.util.concurrent.FutureTask.run(FutureTask.java:262)
	at java.util.concurrent.ThreadPoolExecutor.runWorker(ThreadPoolExecutor.java:1145)
	at java.util.concurrent.ThreadPoolExecutor$Worker.run(ThreadPoolExecutor.java:615)
	at java.lang.Thread.run(Thread.java:744)
INFO - Loading org.apache.cassandra.config.CFMetaData@11fa06f[cfId=1221c96b-990b-3bc8-915e-3a2dfc7ba026,ksName=developer_day_embedded,cfName=clicks,cfType=Standard,comparator=org.apache.cassandra.db.marshal.CompositeType(org.apache.cassandra.db.marshal.TimestampType,org.apache.cassandra.db.marshal.UTF8Type),comment=,readRepairChance=0.1,dclocalReadRepairChance=0.0,replicateOnWrite=true,gcGraceSeconds=864000,defaultValidator=org.apache.cassandra.db.marshal.BytesType,keyValidator=org.apache.cassandra.db.marshal.UTF8Type,minCompactionThreshold=4,maxCompactionThreshold=32,column_metadata={java.nio.HeapByteBuffer[pos=0 lim=10 cap=10]=ColumnDefinition{name=6576656e745f74696d65, validator=org.apache.cassandra.db.marshal.TimestampType, type=CLUSTERING_KEY, componentIndex=0, indexName=null, indexType=null}, java.nio.HeapByteBuffer[pos=0 lim=7 cap=7]=ColumnDefinition{name=757365725f6964, validator=org.apache.cassandra.db.marshal.UTF8Type, type=PARTITION_KEY, componentIndex=null, indexName=null, indexType=null}},compactionStrategyClass=class org.apache.cassandra.db.compaction.SizeTieredCompactionStrategy,compactionStrategyOptions={},compressionOptions={sstable_compression=org.apache.cassandra.io.compress.LZ4Compressor},bloomFilterFpChance=0.01,memtable_flush_period_in_ms=0,caching=KEYS_ONLY,defaultTimeToLive=0,speculative_retry=99.0PERCENTILE,indexInterval=128,populateIoCacheOnFlush=false,droppedColumns={},triggers={}]
INFO - Initializing developer_day_embedded.clicks
]]></system-out>
  <system-err><![CDATA[]]></system-err>
</testsuite>
